#
# There is insufficient memory for the Java Runtime Environment to continue.
# Native memory allocation (malloc) failed to allocate 1379152 bytes for Chunk::new
# Possible reasons:
#   The system is out of physical RAM or swap space
#   The process is running with CompressedOops enabled, and the Java Heap may be blocking the growth of the native heap
# Possible solutions:
#   Reduce memory load on the system
#   Increase physical memory or swap space
#   Check if swap backing store is full
#   Decrease Java heap size (-Xmx/-Xms)
#   Decrease number of Java threads
#   Decrease Java thread stack sizes (-Xss)
#   Set larger code cache with -XX:ReservedCodeCacheSize=
#   JVM is running with Unscaled Compressed Oops mode in which the Java heap is
#     placed in the first 4GB address space. The Java Heap base address is the
#     maximum limit for the native heap growth. Please use -XX:HeapBaseMinAddress
#     to set the Java Heap base and to place the Java Heap above 4GB virtual address.
# This output file may be truncated or incomplete.
#
#  Out of Memory Error (arena.cpp:189), pid=22920, tid=10740
#
# JRE version: Java(TM) SE Runtime Environment (17.0.12+8) (build 17.0.12+8-LTS-286)
# Java VM: Java HotSpot(TM) 64-Bit Server VM (17.0.12+8-LTS-286, mixed mode, sharing, tiered, compressed oops, compressed class ptrs, g1 gc, windows-amd64)
# No core dump will be written. Minidumps are not enabled by default on client versions of Windows
#

---------------  S U M M A R Y ------------

Command Line: -XX:MaxMetaspaceSize=512m --add-opens=java.base/java.util=ALL-UNNAMED --add-opens=java.base/java.lang=ALL-UNNAMED --add-opens=java.base/java.lang.invoke=ALL-UNNAMED --add-opens=java.prefs/java.util.prefs=ALL-UNNAMED --add-exports=jdk.compiler/com.sun.tools.javac.api=ALL-UNNAMED --add-exports=jdk.compiler/com.sun.tools.javac.util=ALL-UNNAMED --add-opens=java.base/java.nio.charset=ALL-UNNAMED --add-opens=java.base/java.net=ALL-UNNAMED --add-opens=java.base/java.util.concurrent.atomic=ALL-UNNAMED -Xmx2048m -Dfile.encoding=windows-1252 -Duser.country=US -Duser.language=en -Duser.variant -javaagent:C:\Users\LT053\.gradle\wrapper\dists\gradle-8.10.2-all\7iv73wktx1xtkvlq19urqw1wm\gradle-8.10.2\lib\agents\gradle-instrumentation-agent-8.10.2.jar org.gradle.launcher.daemon.bootstrap.GradleDaemon 8.10.2

Host: Intel(R) Core(TM) i5-10210U CPU @ 1.60GHz, 8 cores, 7G,  Windows 11 , 64 bit Build 22621 (10.0.22621.3958)
Time: Mon Apr  7 17:32:08 2025 India Standard Time elapsed time: 7.987808 seconds (0d 0h 0m 7s)

---------------  T H R E A D  ---------------

Current thread (0x0000022871c31910):  JavaThread "C2 CompilerThread0" daemon [_thread_in_native, id=10740, stack(0x0000005c73e00000,0x0000005c73f00000)]


Current CompileTask:
C2:   7988 2249       4       jdk.internal.org.objectweb.asm.Frame::execute (2305 bytes)

Stack: [0x0000005c73e00000,0x0000005c73f00000]
Native frames: (J=compiled Java code, j=interpreted, Vv=VM code, C=native code)
V  [jvm.dll+0x67a04a]
V  [jvm.dll+0x7da4ed]
V  [jvm.dll+0x7dbe33]
V  [jvm.dll+0x7dc4a3]
V  [jvm.dll+0x24508f]
V  [jvm.dll+0xab773]
V  [jvm.dll+0xabd3c]
V  [jvm.dll+0x361bee]
V  [jvm.dll+0x1ba64a]
V  [jvm.dll+0x216997]
V  [jvm.dll+0x215c6f]
V  [jvm.dll+0x1a2960]
V  [jvm.dll+0x22610b]
V  [jvm.dll+0x2242ab]
V  [jvm.dll+0x79075c]
V  [jvm.dll+0x78abea]
V  [jvm.dll+0x678f35]
C  [ucrtbase.dll+0x29333]
C  [KERNEL32.DLL+0x1257d]
C  [ntdll.dll+0x5af08]


---------------  P R O C E S S  ---------------

Threads class SMR info:
_java_thread_list=0x0000022877ac4500, length=24, elements={
0x00000228539f9080, 0x0000022871c09400, 0x0000022871c0b1a0, 0x0000022871c208c0,
0x0000022871c23560, 0x0000022871c24e40, 0x0000022871c2ec30, 0x0000022871c31910,
0x0000022871c39ef0, 0x0000022871c3c420, 0x0000022871bf7ec0, 0x000002287616e0d0,
0x00000228779c8100, 0x0000022877b93ed0, 0x0000022877b92fa0, 0x0000022877b95310,
0x0000022877b95820, 0x0000022877b939c0, 0x0000022877b92070, 0x0000022877b92580,
0x0000022877b92a90, 0x0000022877b934b0, 0x0000022877b943e0, 0x0000022877b948f0
}

Java Threads: ( => current thread )
  0x00000228539f9080 JavaThread "main" [_thread_blocked, id=2772, stack(0x0000005c73100000,0x0000005c73200000)]
  0x0000022871c09400 JavaThread "Reference Handler" daemon [_thread_blocked, id=2444, stack(0x0000005c73800000,0x0000005c73900000)]
  0x0000022871c0b1a0 JavaThread "Finalizer" daemon [_thread_blocked, id=22696, stack(0x0000005c73900000,0x0000005c73a00000)]
  0x0000022871c208c0 JavaThread "Signal Dispatcher" daemon [_thread_blocked, id=12992, stack(0x0000005c73a00000,0x0000005c73b00000)]
  0x0000022871c23560 JavaThread "Attach Listener" daemon [_thread_blocked, id=19060, stack(0x0000005c73b00000,0x0000005c73c00000)]
  0x0000022871c24e40 JavaThread "Service Thread" daemon [_thread_blocked, id=21576, stack(0x0000005c73c00000,0x0000005c73d00000)]
  0x0000022871c2ec30 JavaThread "Monitor Deflation Thread" daemon [_thread_blocked, id=22832, stack(0x0000005c73d00000,0x0000005c73e00000)]
=>0x0000022871c31910 JavaThread "C2 CompilerThread0" daemon [_thread_in_native, id=10740, stack(0x0000005c73e00000,0x0000005c73f00000)]
  0x0000022871c39ef0 JavaThread "C1 CompilerThread0" daemon [_thread_blocked, id=15164, stack(0x0000005c73f00000,0x0000005c74000000)]
  0x0000022871c3c420 JavaThread "Sweeper thread" daemon [_thread_blocked, id=4588, stack(0x0000005c74000000,0x0000005c74100000)]
  0x0000022871bf7ec0 JavaThread "Common-Cleaner" daemon [_thread_blocked, id=22428, stack(0x0000005c74100000,0x0000005c74200000)]
  0x000002287616e0d0 JavaThread "Notification Thread" daemon [_thread_blocked, id=22752, stack(0x0000005c74200000,0x0000005c74300000)]
  0x00000228779c8100 JavaThread "Daemon health stats" [_thread_blocked, id=10716, stack(0x0000005c74900000,0x0000005c74a00000)]
  0x0000022877b93ed0 JavaThread "Incoming local TCP Connector on port 57784" [_thread_in_native, id=8668, stack(0x0000005c74800000,0x0000005c74900000)]
  0x0000022877b92fa0 JavaThread "Daemon periodic checks" [_thread_blocked, id=21348, stack(0x0000005c74a00000,0x0000005c74b00000)]
  0x0000022877b95310 JavaThread "Daemon" [_thread_blocked, id=21444, stack(0x0000005c74c00000,0x0000005c74d00000)]
  0x0000022877b95820 JavaThread "Handler for socket connection from /127.0.0.1:57784 to /127.0.0.1:57785" [_thread_in_native, id=7136, stack(0x0000005c74d00000,0x0000005c74e00000)]
  0x0000022877b939c0 JavaThread "Cancel handler" [_thread_blocked, id=23316, stack(0x0000005c74e00000,0x0000005c74f00000)]
  0x0000022877b92070 JavaThread "Daemon worker" [_thread_in_vm, id=22236, stack(0x0000005c74f00000,0x0000005c75000000)]
  0x0000022877b92580 JavaThread "Asynchronous log dispatcher for DefaultDaemonConnection: socket connection from /127.0.0.1:57784 to /127.0.0.1:57785" [_thread_blocked, id=10364, stack(0x0000005c75000000,0x0000005c75100000)]
  0x0000022877b92a90 JavaThread "Stdin handler" [_thread_blocked, id=3324, stack(0x0000005c75100000,0x0000005c75200000)]
  0x0000022877b934b0 JavaThread "Daemon client event forwarder" [_thread_blocked, id=8400, stack(0x0000005c75200000,0x0000005c75300000)]
  0x0000022877b943e0 JavaThread "Cache worker for journal cache (C:\Users\LT053\.gradle\caches\journal-1)" [_thread_blocked, id=10320, stack(0x0000005c75300000,0x0000005c75400000)]
  0x0000022877b948f0 JavaThread "File lock request listener" [_thread_in_native, id=13672, stack(0x0000005c75400000,0x0000005c75500000)]

Other Threads:
  0x0000022871c070f0 VMThread "VM Thread" [stack: 0x0000005c73700000,0x0000005c73800000] [id=14132]
  0x00000228539f9e10 WatcherThread [stack: 0x0000005c74300000,0x0000005c74400000] [id=8812]
  0x0000022853a53d30 GCTaskThread "GC Thread#0" [stack: 0x0000005c73200000,0x0000005c73300000] [id=16308]
  0x00000228765a32f0 GCTaskThread "GC Thread#1" [stack: 0x0000005c74400000,0x0000005c74500000] [id=9452]
  0x00000228766ea930 GCTaskThread "GC Thread#2" [stack: 0x0000005c74500000,0x0000005c74600000] [id=12820]
  0x0000022876dedec0 GCTaskThread "GC Thread#3" [stack: 0x0000005c74600000,0x0000005c74700000] [id=13676]
  0x0000022876dee180 GCTaskThread "GC Thread#4" [stack: 0x0000005c74700000,0x0000005c74800000] [id=12200]
  0x0000022853a65ba0 ConcurrentGCThread "G1 Main Marker" [stack: 0x0000005c73300000,0x0000005c73400000] [id=2164]
  0x0000022853a66c60 ConcurrentGCThread "G1 Conc#0" [stack: 0x0000005c73400000,0x0000005c73500000] [id=12732]
  0x0000022853abece0 ConcurrentGCThread "G1 Refine#0" [stack: 0x0000005c73500000,0x0000005c73600000] [id=10340]
  0x0000022871abe840 ConcurrentGCThread "G1 Service" [stack: 0x0000005c73600000,0x0000005c73700000] [id=19652]

Threads with active compile tasks:
C2 CompilerThread0     8053 2249       4       jdk.internal.org.objectweb.asm.Frame::execute (2305 bytes)

VM state: not at safepoint (normal execution)

VM Mutex/Monitor currently owned by a thread: None

Heap address: 0x0000000080000000, size: 2048 MB, Compressed Oops mode: 32-bit

CDS archive(s) mapped at: [0x0000022800000000-0x0000022800bd0000-0x0000022800bd0000), size 12386304, SharedBaseAddress: 0x0000022800000000, ArchiveRelocationMode: 1.
Compressed class space mapped at: 0x0000022801000000-0x000002281b000000, reserved size: 436207616
Narrow klass base: 0x0000022800000000, Narrow klass shift: 0, Narrow klass range: 0x100000000

GC Precious Log:
 CPUs: 8 total, 8 available
 Memory: 7952M
 Large Page Support: Disabled
 NUMA Support: Disabled
 Compressed Oops: Enabled (32-bit)
 Heap Region Size: 1M
 Heap Min Capacity: 8M
 Heap Initial Capacity: 126M
 Heap Max Capacity: 2G
 Pre-touch: Disabled
 Parallel Workers: 8
 Concurrent Workers: 2
 Concurrent Refinement Workers: 8
 Periodic GC: Disabled

Heap:
 garbage-first heap   total 129024K, used 67813K [0x0000000080000000, 0x0000000100000000)
  region size 1024K, 56 young (57344K), 6 survivors (6144K)
 Metaspace       used 14365K, committed 14656K, reserved 491520K
  class space    used 1970K, committed 2112K, reserved 425984K

Heap Regions: E=young(eden), S=young(survivor), O=old, HS=humongous(starts), HC=humongous(continues), CS=collection set, F=free, OA=open archive, CA=closed archive, TAMS=top-at-mark-start (previous, next)
|   0|0x0000000080000000, 0x0000000080100000, 0x0000000080100000|100%| O|  |TAMS 0x0000000080000000, 0x0000000080000000| Untracked 
|   1|0x0000000080100000, 0x0000000080200000, 0x0000000080200000|100%| O|  |TAMS 0x0000000080100000, 0x0000000080100000| Untracked 
|   2|0x0000000080200000, 0x0000000080300000, 0x0000000080300000|100%|HS|  |TAMS 0x0000000080200000, 0x0000000080200000| Complete 
|   3|0x0000000080300000, 0x0000000080400000, 0x0000000080400000|100%|HC|  |TAMS 0x0000000080300000, 0x0000000080300000| Complete 
|   4|0x0000000080400000, 0x0000000080500000, 0x0000000080500000|100%|HC|  |TAMS 0x0000000080400000, 0x0000000080400000| Complete 
|   5|0x0000000080500000, 0x0000000080600000, 0x0000000080600000|100%|HC|  |TAMS 0x0000000080500000, 0x0000000080500000| Complete 
|   6|0x0000000080600000, 0x0000000080700000, 0x0000000080700000|100%| O|  |TAMS 0x0000000080600000, 0x0000000080600000| Untracked 
|   7|0x0000000080700000, 0x0000000080800000, 0x0000000080800000|100%| O|  |TAMS 0x0000000080700000, 0x0000000080700000| Untracked 
|   8|0x0000000080800000, 0x0000000080900000, 0x0000000080900000|100%| O|  |TAMS 0x0000000080800000, 0x0000000080800000| Untracked 
|   9|0x0000000080900000, 0x0000000080a00000, 0x0000000080a00000|100%|HS|  |TAMS 0x0000000080900000, 0x0000000080900000| Complete 
|  10|0x0000000080a00000, 0x0000000080a00000, 0x0000000080b00000|  0%| F|  |TAMS 0x0000000080a00000, 0x0000000080a00000| Untracked 
|  11|0x0000000080b00000, 0x0000000080c00000, 0x0000000080c00000|100%| O|  |TAMS 0x0000000080b00000, 0x0000000080b00000| Untracked 
|  12|0x0000000080c00000, 0x0000000080c39400, 0x0000000080d00000| 22%| O|  |TAMS 0x0000000080c00000, 0x0000000080c00000| Untracked 
|  13|0x0000000080d00000, 0x0000000080d00000, 0x0000000080e00000|  0%| F|  |TAMS 0x0000000080d00000, 0x0000000080d00000| Untracked 
|  14|0x0000000080e00000, 0x0000000080e00000, 0x0000000080f00000|  0%| F|  |TAMS 0x0000000080e00000, 0x0000000080e00000| Untracked 
|  15|0x0000000080f00000, 0x0000000080f00000, 0x0000000081000000|  0%| F|  |TAMS 0x0000000080f00000, 0x0000000080f00000| Untracked 
|  16|0x0000000081000000, 0x0000000081000000, 0x0000000081100000|  0%| F|  |TAMS 0x0000000081000000, 0x0000000081000000| Untracked 
|  17|0x0000000081100000, 0x0000000081100000, 0x0000000081200000|  0%| F|  |TAMS 0x0000000081100000, 0x0000000081100000| Untracked 
|  18|0x0000000081200000, 0x0000000081200000, 0x0000000081300000|  0%| F|  |TAMS 0x0000000081200000, 0x0000000081200000| Untracked 
|  19|0x0000000081300000, 0x0000000081300000, 0x0000000081400000|  0%| F|  |TAMS 0x0000000081300000, 0x0000000081300000| Untracked 
|  20|0x0000000081400000, 0x0000000081400000, 0x0000000081500000|  0%| F|  |TAMS 0x0000000081400000, 0x0000000081400000| Untracked 
|  21|0x0000000081500000, 0x0000000081500000, 0x0000000081600000|  0%| F|  |TAMS 0x0000000081500000, 0x0000000081500000| Untracked 
|  22|0x0000000081600000, 0x0000000081600000, 0x0000000081700000|  0%| F|  |TAMS 0x0000000081600000, 0x0000000081600000| Untracked 
|  23|0x0000000081700000, 0x0000000081700000, 0x0000000081800000|  0%| F|  |TAMS 0x0000000081700000, 0x0000000081700000| Untracked 
|  24|0x0000000081800000, 0x0000000081800000, 0x0000000081900000|  0%| F|  |TAMS 0x0000000081800000, 0x0000000081800000| Untracked 
|  25|0x0000000081900000, 0x0000000081900000, 0x0000000081a00000|  0%| F|  |TAMS 0x0000000081900000, 0x0000000081900000| Untracked 
|  26|0x0000000081a00000, 0x0000000081a00000, 0x0000000081b00000|  0%| F|  |TAMS 0x0000000081a00000, 0x0000000081a00000| Untracked 
|  27|0x0000000081b00000, 0x0000000081b00000, 0x0000000081c00000|  0%| F|  |TAMS 0x0000000081b00000, 0x0000000081b00000| Untracked 
|  28|0x0000000081c00000, 0x0000000081c00000, 0x0000000081d00000|  0%| F|  |TAMS 0x0000000081c00000, 0x0000000081c00000| Untracked 
|  29|0x0000000081d00000, 0x0000000081d00000, 0x0000000081e00000|  0%| F|  |TAMS 0x0000000081d00000, 0x0000000081d00000| Untracked 
|  30|0x0000000081e00000, 0x0000000081e00000, 0x0000000081f00000|  0%| F|  |TAMS 0x0000000081e00000, 0x0000000081e00000| Untracked 
|  31|0x0000000081f00000, 0x0000000081f00000, 0x0000000082000000|  0%| F|  |TAMS 0x0000000081f00000, 0x0000000081f00000| Untracked 
|  32|0x0000000082000000, 0x0000000082000000, 0x0000000082100000|  0%| F|  |TAMS 0x0000000082000000, 0x0000000082000000| Untracked 
|  33|0x0000000082100000, 0x0000000082100000, 0x0000000082200000|  0%| F|  |TAMS 0x0000000082100000, 0x0000000082100000| Untracked 
|  34|0x0000000082200000, 0x0000000082200000, 0x0000000082300000|  0%| F|  |TAMS 0x0000000082200000, 0x0000000082200000| Untracked 
|  35|0x0000000082300000, 0x0000000082300000, 0x0000000082400000|  0%| F|  |TAMS 0x0000000082300000, 0x0000000082300000| Untracked 
|  36|0x0000000082400000, 0x0000000082400000, 0x0000000082500000|  0%| F|  |TAMS 0x0000000082400000, 0x0000000082400000| Untracked 
|  37|0x0000000082500000, 0x0000000082500000, 0x0000000082600000|  0%| F|  |TAMS 0x0000000082500000, 0x0000000082500000| Untracked 
|  38|0x0000000082600000, 0x0000000082600000, 0x0000000082700000|  0%| F|  |TAMS 0x0000000082600000, 0x0000000082600000| Untracked 
|  39|0x0000000082700000, 0x0000000082700000, 0x0000000082800000|  0%| F|  |TAMS 0x0000000082700000, 0x0000000082700000| Untracked 
|  40|0x0000000082800000, 0x0000000082800000, 0x0000000082900000|  0%| F|  |TAMS 0x0000000082800000, 0x0000000082800000| Untracked 
|  41|0x0000000082900000, 0x0000000082900000, 0x0000000082a00000|  0%| F|  |TAMS 0x0000000082900000, 0x0000000082900000| Untracked 
|  42|0x0000000082a00000, 0x0000000082a00000, 0x0000000082b00000|  0%| F|  |TAMS 0x0000000082a00000, 0x0000000082a00000| Untracked 
|  43|0x0000000082b00000, 0x0000000082b00000, 0x0000000082c00000|  0%| F|  |TAMS 0x0000000082b00000, 0x0000000082b00000| Untracked 
|  44|0x0000000082c00000, 0x0000000082c00000, 0x0000000082d00000|  0%| F|  |TAMS 0x0000000082c00000, 0x0000000082c00000| Untracked 
|  45|0x0000000082d00000, 0x0000000082d00000, 0x0000000082e00000|  0%| F|  |TAMS 0x0000000082d00000, 0x0000000082d00000| Untracked 
|  46|0x0000000082e00000, 0x0000000082e00000, 0x0000000082f00000|  0%| F|  |TAMS 0x0000000082e00000, 0x0000000082e00000| Untracked 
|  47|0x0000000082f00000, 0x0000000082f00000, 0x0000000083000000|  0%| F|  |TAMS 0x0000000082f00000, 0x0000000082f00000| Untracked 
|  48|0x0000000083000000, 0x0000000083000000, 0x0000000083100000|  0%| F|  |TAMS 0x0000000083000000, 0x0000000083000000| Untracked 
|  49|0x0000000083100000, 0x0000000083100000, 0x0000000083200000|  0%| F|  |TAMS 0x0000000083100000, 0x0000000083100000| Untracked 
|  50|0x0000000083200000, 0x0000000083200000, 0x0000000083300000|  0%| F|  |TAMS 0x0000000083200000, 0x0000000083200000| Untracked 
|  51|0x0000000083300000, 0x0000000083300000, 0x0000000083400000|  0%| F|  |TAMS 0x0000000083300000, 0x0000000083300000| Untracked 
|  52|0x0000000083400000, 0x0000000083400000, 0x0000000083500000|  0%| F|  |TAMS 0x0000000083400000, 0x0000000083400000| Untracked 
|  53|0x0000000083500000, 0x0000000083500000, 0x0000000083600000|  0%| F|  |TAMS 0x0000000083500000, 0x0000000083500000| Untracked 
|  54|0x0000000083600000, 0x0000000083600000, 0x0000000083700000|  0%| F|  |TAMS 0x0000000083600000, 0x0000000083600000| Untracked 
|  55|0x0000000083700000, 0x0000000083700000, 0x0000000083800000|  0%| F|  |TAMS 0x0000000083700000, 0x0000000083700000| Untracked 
|  56|0x0000000083800000, 0x0000000083800000, 0x0000000083900000|  0%| F|  |TAMS 0x0000000083800000, 0x0000000083800000| Untracked 
|  57|0x0000000083900000, 0x0000000083900000, 0x0000000083a00000|  0%| F|  |TAMS 0x0000000083900000, 0x0000000083900000| Untracked 
|  58|0x0000000083a00000, 0x0000000083a00000, 0x0000000083b00000|  0%| F|  |TAMS 0x0000000083a00000, 0x0000000083a00000| Untracked 
|  59|0x0000000083b00000, 0x0000000083b00000, 0x0000000083c00000|  0%| F|  |TAMS 0x0000000083b00000, 0x0000000083b00000| Untracked 
|  60|0x0000000083c00000, 0x0000000083c00000, 0x0000000083d00000|  0%| F|  |TAMS 0x0000000083c00000, 0x0000000083c00000| Untracked 
|  61|0x0000000083d00000, 0x0000000083d00000, 0x0000000083e00000|  0%| F|  |TAMS 0x0000000083d00000, 0x0000000083d00000| Untracked 
|  62|0x0000000083e00000, 0x0000000083e00000, 0x0000000083f00000|  0%| F|  |TAMS 0x0000000083e00000, 0x0000000083e00000| Untracked 
|  63|0x0000000083f00000, 0x0000000083f00000, 0x0000000084000000|  0%| F|  |TAMS 0x0000000083f00000, 0x0000000083f00000| Untracked 
|  64|0x0000000084000000, 0x0000000084000000, 0x0000000084100000|  0%| F|  |TAMS 0x0000000084000000, 0x0000000084000000| Untracked 
|  65|0x0000000084100000, 0x0000000084100000, 0x0000000084200000|  0%| F|  |TAMS 0x0000000084100000, 0x0000000084100000| Untracked 
|  66|0x0000000084200000, 0x0000000084200000, 0x0000000084300000|  0%| F|  |TAMS 0x0000000084200000, 0x0000000084200000| Untracked 
|  67|0x0000000084300000, 0x0000000084300000, 0x0000000084400000|  0%| F|  |TAMS 0x0000000084300000, 0x0000000084300000| Untracked 
|  68|0x0000000084400000, 0x0000000084400000, 0x0000000084500000|  0%| F|  |TAMS 0x0000000084400000, 0x0000000084400000| Untracked 
|  69|0x0000000084500000, 0x0000000084500000, 0x0000000084600000|  0%| F|  |TAMS 0x0000000084500000, 0x0000000084500000| Untracked 
|  70|0x0000000084600000, 0x0000000084700000, 0x0000000084700000|100%| E|  |TAMS 0x0000000084600000, 0x0000000084600000| Complete 
|  71|0x0000000084700000, 0x0000000084800000, 0x0000000084800000|100%| E|CS|TAMS 0x0000000084700000, 0x0000000084700000| Complete 
|  72|0x0000000084800000, 0x0000000084900000, 0x0000000084900000|100%| E|CS|TAMS 0x0000000084800000, 0x0000000084800000| Complete 
|  73|0x0000000084900000, 0x0000000084a00000, 0x0000000084a00000|100%| S|CS|TAMS 0x0000000084900000, 0x0000000084900000| Complete 
|  74|0x0000000084a00000, 0x0000000084b00000, 0x0000000084b00000|100%| S|CS|TAMS 0x0000000084a00000, 0x0000000084a00000| Complete 
|  75|0x0000000084b00000, 0x0000000084c00000, 0x0000000084c00000|100%| S|CS|TAMS 0x0000000084b00000, 0x0000000084b00000| Complete 
|  76|0x0000000084c00000, 0x0000000084d00000, 0x0000000084d00000|100%| S|CS|TAMS 0x0000000084c00000, 0x0000000084c00000| Complete 
|  77|0x0000000084d00000, 0x0000000084e00000, 0x0000000084e00000|100%| S|CS|TAMS 0x0000000084d00000, 0x0000000084d00000| Complete 
|  78|0x0000000084e00000, 0x0000000084f00000, 0x0000000084f00000|100%| S|CS|TAMS 0x0000000084e00000, 0x0000000084e00000| Complete 
|  79|0x0000000084f00000, 0x0000000085000000, 0x0000000085000000|100%| E|CS|TAMS 0x0000000084f00000, 0x0000000084f00000| Complete 
|  80|0x0000000085000000, 0x0000000085100000, 0x0000000085100000|100%| E|CS|TAMS 0x0000000085000000, 0x0000000085000000| Complete 
|  81|0x0000000085100000, 0x0000000085200000, 0x0000000085200000|100%| E|CS|TAMS 0x0000000085100000, 0x0000000085100000| Complete 
|  82|0x0000000085200000, 0x0000000085300000, 0x0000000085300000|100%| E|CS|TAMS 0x0000000085200000, 0x0000000085200000| Complete 
|  83|0x0000000085300000, 0x0000000085400000, 0x0000000085400000|100%| E|CS|TAMS 0x0000000085300000, 0x0000000085300000| Complete 
|  84|0x0000000085400000, 0x0000000085500000, 0x0000000085500000|100%| E|CS|TAMS 0x0000000085400000, 0x0000000085400000| Complete 
|  85|0x0000000085500000, 0x0000000085600000, 0x0000000085600000|100%| E|CS|TAMS 0x0000000085500000, 0x0000000085500000| Complete 
|  86|0x0000000085600000, 0x0000000085700000, 0x0000000085700000|100%| E|CS|TAMS 0x0000000085600000, 0x0000000085600000| Complete 
|  87|0x0000000085700000, 0x0000000085800000, 0x0000000085800000|100%| E|CS|TAMS 0x0000000085700000, 0x0000000085700000| Complete 
|  88|0x0000000085800000, 0x0000000085900000, 0x0000000085900000|100%| E|CS|TAMS 0x0000000085800000, 0x0000000085800000| Complete 
|  89|0x0000000085900000, 0x0000000085a00000, 0x0000000085a00000|100%| E|CS|TAMS 0x0000000085900000, 0x0000000085900000| Complete 
|  90|0x0000000085a00000, 0x0000000085b00000, 0x0000000085b00000|100%| E|CS|TAMS 0x0000000085a00000, 0x0000000085a00000| Complete 
|  91|0x0000000085b00000, 0x0000000085c00000, 0x0000000085c00000|100%| E|CS|TAMS 0x0000000085b00000, 0x0000000085b00000| Complete 
|  92|0x0000000085c00000, 0x0000000085d00000, 0x0000000085d00000|100%| E|CS|TAMS 0x0000000085c00000, 0x0000000085c00000| Complete 
|  93|0x0000000085d00000, 0x0000000085e00000, 0x0000000085e00000|100%| E|CS|TAMS 0x0000000085d00000, 0x0000000085d00000| Complete 
|  94|0x0000000085e00000, 0x0000000085f00000, 0x0000000085f00000|100%| E|CS|TAMS 0x0000000085e00000, 0x0000000085e00000| Complete 
|  95|0x0000000085f00000, 0x0000000086000000, 0x0000000086000000|100%| E|CS|TAMS 0x0000000085f00000, 0x0000000085f00000| Complete 
|  96|0x0000000086000000, 0x0000000086100000, 0x0000000086100000|100%| E|CS|TAMS 0x0000000086000000, 0x0000000086000000| Complete 
|  97|0x0000000086100000, 0x0000000086200000, 0x0000000086200000|100%| E|CS|TAMS 0x0000000086100000, 0x0000000086100000| Complete 
|  98|0x0000000086200000, 0x0000000086300000, 0x0000000086300000|100%| E|CS|TAMS 0x0000000086200000, 0x0000000086200000| Complete 
|  99|0x0000000086300000, 0x0000000086400000, 0x0000000086400000|100%| E|CS|TAMS 0x0000000086300000, 0x0000000086300000| Complete 
| 100|0x0000000086400000, 0x0000000086500000, 0x0000000086500000|100%| E|CS|TAMS 0x0000000086400000, 0x0000000086400000| Complete 
| 101|0x0000000086500000, 0x0000000086600000, 0x0000000086600000|100%| E|CS|TAMS 0x0000000086500000, 0x0000000086500000| Complete 
| 102|0x0000000086600000, 0x0000000086700000, 0x0000000086700000|100%| E|CS|TAMS 0x0000000086600000, 0x0000000086600000| Complete 
| 103|0x0000000086700000, 0x0000000086800000, 0x0000000086800000|100%| E|CS|TAMS 0x0000000086700000, 0x0000000086700000| Complete 
| 104|0x0000000086800000, 0x0000000086900000, 0x0000000086900000|100%| E|CS|TAMS 0x0000000086800000, 0x0000000086800000| Complete 
| 105|0x0000000086900000, 0x0000000086a00000, 0x0000000086a00000|100%| E|CS|TAMS 0x0000000086900000, 0x0000000086900000| Complete 
| 106|0x0000000086a00000, 0x0000000086b00000, 0x0000000086b00000|100%| E|CS|TAMS 0x0000000086a00000, 0x0000000086a00000| Complete 
| 107|0x0000000086b00000, 0x0000000086c00000, 0x0000000086c00000|100%| E|CS|TAMS 0x0000000086b00000, 0x0000000086b00000| Complete 
| 108|0x0000000086c00000, 0x0000000086d00000, 0x0000000086d00000|100%| E|CS|TAMS 0x0000000086c00000, 0x0000000086c00000| Complete 
| 109|0x0000000086d00000, 0x0000000086e00000, 0x0000000086e00000|100%| E|CS|TAMS 0x0000000086d00000, 0x0000000086d00000| Complete 
| 110|0x0000000086e00000, 0x0000000086f00000, 0x0000000086f00000|100%| E|CS|TAMS 0x0000000086e00000, 0x0000000086e00000| Complete 
| 111|0x0000000086f00000, 0x0000000087000000, 0x0000000087000000|100%| E|CS|TAMS 0x0000000086f00000, 0x0000000086f00000| Complete 
| 112|0x0000000087000000, 0x0000000087100000, 0x0000000087100000|100%| E|CS|TAMS 0x0000000087000000, 0x0000000087000000| Complete 
| 113|0x0000000087100000, 0x0000000087200000, 0x0000000087200000|100%| E|CS|TAMS 0x0000000087100000, 0x0000000087100000| Complete 
| 114|0x0000000087200000, 0x0000000087300000, 0x0000000087300000|100%| E|CS|TAMS 0x0000000087200000, 0x0000000087200000| Complete 
| 115|0x0000000087300000, 0x0000000087400000, 0x0000000087400000|100%| E|CS|TAMS 0x0000000087300000, 0x0000000087300000| Complete 
| 116|0x0000000087400000, 0x0000000087500000, 0x0000000087500000|100%| E|CS|TAMS 0x0000000087400000, 0x0000000087400000| Complete 
| 117|0x0000000087500000, 0x0000000087600000, 0x0000000087600000|100%| E|CS|TAMS 0x0000000087500000, 0x0000000087500000| Complete 
| 118|0x0000000087600000, 0x0000000087700000, 0x0000000087700000|100%| E|CS|TAMS 0x0000000087600000, 0x0000000087600000| Complete 
| 119|0x0000000087700000, 0x0000000087800000, 0x0000000087800000|100%| E|CS|TAMS 0x0000000087700000, 0x0000000087700000| Complete 
| 120|0x0000000087800000, 0x0000000087900000, 0x0000000087900000|100%| E|CS|TAMS 0x0000000087800000, 0x0000000087800000| Complete 
| 121|0x0000000087900000, 0x0000000087a00000, 0x0000000087a00000|100%| E|CS|TAMS 0x0000000087900000, 0x0000000087900000| Complete 
| 122|0x0000000087a00000, 0x0000000087b00000, 0x0000000087b00000|100%| E|CS|TAMS 0x0000000087a00000, 0x0000000087a00000| Complete 
| 123|0x0000000087b00000, 0x0000000087c00000, 0x0000000087c00000|100%| E|CS|TAMS 0x0000000087b00000, 0x0000000087b00000| Complete 
| 124|0x0000000087c00000, 0x0000000087d00000, 0x0000000087d00000|100%| E|CS|TAMS 0x0000000087c00000, 0x0000000087c00000| Complete 
| 125|0x0000000087d00000, 0x0000000087e00000, 0x0000000087e00000|100%| E|CS|TAMS 0x0000000087d00000, 0x0000000087d00000| Complete 

Card table byte_map: [0x000002286a9e0000,0x000002286ade0000] _byte_map_base: 0x000002286a5e0000

Marking Bits (Prev, Next): (CMBitMap*) 0x0000022853a55270, (CMBitMap*) 0x0000022853a552b0
 Prev Bits: [0x000002286b1e0000, 0x000002286d1e0000)
 Next Bits: [0x000002286d1e0000, 0x000002286f1e0000)

Polling page: 0x0000022851b70000

Metaspace:

Usage:
  Non-class:     12.16 MB used.
      Class:      1.94 MB used.
       Both:     14.10 MB used.

Virtual space:
  Non-class space:       64.00 MB reserved,      12.31 MB ( 19%) committed,  1 nodes.
      Class space:      416.00 MB reserved,       2.06 MB ( <1%) committed,  1 nodes.
             Both:      480.00 MB reserved,      14.38 MB (  3%) committed. 

Chunk freelists:
   Non-Class:  3.39 MB
       Class:  13.95 MB
        Both:  17.34 MB

MaxMetaspaceSize: 512.00 MB
CompressedClassSpaceSize: 416.00 MB
Initial GC threshold: 21.00 MB
Current GC threshold: 21.00 MB
CDS: on
MetaspaceReclaimPolicy: balanced
 - commit_granule_bytes: 65536.
 - commit_granule_words: 8192.
 - virtual_space_node_default_size: 8388608.
 - enlarge_chunks_in_place: 1.
 - new_chunks_are_fully_committed: 0.
 - uncommit_free_chunks: 1.
 - use_allocation_guard: 0.
 - handle_deallocations: 1.


Internal statistics:

num_allocs_failed_limit: 0.
num_arena_births: 178.
num_arena_deaths: 0.
num_vsnodes_births: 2.
num_vsnodes_deaths: 0.
num_space_committed: 230.
num_space_uncommitted: 0.
num_chunks_returned_to_freelist: 0.
num_chunks_taken_from_freelist: 623.
num_chunk_merges: 0.
num_chunk_splits: 417.
num_chunks_enlarged: 320.
num_inconsistent_stats: 0.

CodeHeap 'non-profiled nmethods': size=120000Kb used=1174Kb max_used=1174Kb free=118825Kb
 bounds [0x0000022862d80000, 0x0000022862ff0000, 0x000002286a2b0000]
CodeHeap 'profiled nmethods': size=120000Kb used=4778Kb max_used=4778Kb free=115222Kb
 bounds [0x000002285b2b0000, 0x000002285b760000, 0x00000228627e0000]
CodeHeap 'non-nmethods': size=5760Kb used=1221Kb max_used=1241Kb free=4538Kb
 bounds [0x00000228627e0000, 0x0000022862a50000, 0x0000022862d80000]
 total_blobs=2877 nmethods=2351 adapters=438
 compilation: enabled
              stopped_count=0, restarted_count=0
 full_count=0

Compilation events (20 events):
Event: 7.808 Thread 0x0000022871c39ef0 2315       3       org.gradle.internal.service.DefaultServiceRegistry$RegistrationWrapper::getDeclaredTypes (8 bytes)
Event: 7.808 Thread 0x0000022871c39ef0 nmethod 2315 0x000002285b734690 code [0x000002285b734820, 0x000002285b7349d8]
Event: 7.809 Thread 0x0000022871c39ef0 2316       3       com.google.common.base.Preconditions::checkNotNull (14 bytes)
Event: 7.809 Thread 0x0000022871c39ef0 nmethod 2316 0x000002285b734a90 code [0x000002285b734c40, 0x000002285b734e28]
Event: 7.809 Thread 0x0000022871c39ef0 2317       3       jdk.internal.org.objectweb.asm.Type::getArgumentTypes (154 bytes)
Event: 7.814 Thread 0x0000022871c39ef0 nmethod 2317 0x000002285b734f10 code [0x000002285b7353e0, 0x000002285b737c88]
Event: 7.836 Thread 0x0000022871c39ef0 2318       3       java.lang.reflect.ProxyGenerator$ProxyMethod::emitIconstInsn (75 bytes)
Event: 7.837 Thread 0x0000022871c39ef0 nmethod 2318 0x000002285b738b90 code [0x000002285b738dc0, 0x000002285b739698]
Event: 7.837 Thread 0x0000022871c39ef0 2319       3       jdk.internal.org.objectweb.asm.MethodWriter::putFrame (549 bytes)
Event: 7.839 Thread 0x0000022871c39ef0 nmethod 2319 0x000002285b739910 code [0x000002285b739d80, 0x000002285b73b8b8]
Event: 7.839 Thread 0x0000022871c39ef0 2320       1       org.gradle.internal.service.DefaultServiceRegistry::access$2400 (5 bytes)
Event: 7.839 Thread 0x0000022871c39ef0 nmethod 2320 0x0000022862ea3710 code [0x0000022862ea38a0, 0x0000022862ea3958]
Event: 7.839 Thread 0x0000022871c39ef0 2321       3       java.lang.invoke.InnerClassLambdaMetafactory::getLoadOpcode (26 bytes)
Event: 7.840 Thread 0x0000022871c39ef0 nmethod 2321 0x000002285b73c510 code [0x000002285b73c6c0, 0x000002285b73c8f8]
Event: 7.857 Thread 0x0000022876395f10 2322       4       jdk.internal.ref.PhantomCleanable::<init> (49 bytes)
Event: 7.876 Thread 0x0000022876395f10 nmethod 2322 0x0000022862ea3a10 code [0x0000022862ea3ba0, 0x0000022862ea4658]
Event: 7.877 Thread 0x0000022871c39ef0 2323       1       java.util.concurrent.atomic.AtomicInteger::get (5 bytes)
Event: 7.877 Thread 0x0000022871c39ef0 nmethod 2323 0x0000022862ea4990 code [0x0000022862ea4b20, 0x0000022862ea4bf8]
Event: 7.915 Thread 0x0000022871c39ef0 2326       1       java.net.InetAddress::holder (5 bytes)
Event: 7.915 Thread 0x0000022871c39ef0 nmethod 2326 0x0000022862ea5290 code [0x0000022862ea5420, 0x0000022862ea54f8]

GC Heap History (6 events):
Event: 0.879 GC heap before
{Heap before GC invocations=0 (full 0):
 garbage-first heap   total 129024K, used 22528K [0x0000000080000000, 0x0000000100000000)
  region size 1024K, 23 young (23552K), 0 survivors (0K)
 Metaspace       used 1086K, committed 1216K, reserved 491520K
  class space    used 72K, committed 128K, reserved 425984K
}
Event: 0.885 GC heap after
{Heap after GC invocations=1 (full 0):
 garbage-first heap   total 129024K, used 5091K [0x0000000080000000, 0x0000000100000000)
  region size 1024K, 3 young (3072K), 3 survivors (3072K)
 Metaspace       used 1086K, committed 1216K, reserved 491520K
  class space    used 72K, committed 128K, reserved 425984K
}
Event: 2.230 GC heap before
{Heap before GC invocations=1 (full 0):
 garbage-first heap   total 129024K, used 39907K [0x0000000080000000, 0x0000000100000000)
  region size 1024K, 34 young (34816K), 3 survivors (3072K)
 Metaspace       used 4342K, committed 4544K, reserved 491520K
  class space    used 541K, committed 640K, reserved 425984K
}
Event: 2.238 GC heap after
{Heap after GC invocations=2 (full 0):
 garbage-first heap   total 129024K, used 12167K [0x0000000080000000, 0x0000000100000000)
  region size 1024K, 4 young (4096K), 4 survivors (4096K)
 Metaspace       used 4342K, committed 4544K, reserved 491520K
  class space    used 541K, committed 640K, reserved 425984K
}
Event: 5.795 GC heap before
{Heap before GC invocations=2 (full 0):
 garbage-first heap   total 129024K, used 58247K [0x0000000080000000, 0x0000000100000000)
  region size 1024K, 47 young (48128K), 4 survivors (4096K)
 Metaspace       used 4703K, committed 4928K, reserved 491520K
  class space    used 596K, committed 704K, reserved 425984K
}
Event: 5.803 GC heap after
{Heap after GC invocations=3 (full 0):
 garbage-first heap   total 129024K, used 17637K [0x0000000080000000, 0x0000000100000000)
  region size 1024K, 6 young (6144K), 6 survivors (6144K)
 Metaspace       used 4703K, committed 4928K, reserved 491520K
  class space    used 596K, committed 704K, reserved 425984K
}

Deoptimization events (20 events):
Event: 7.186 Thread 0x0000022877b95820 Uncommon trap: trap_request=0xffffff45 fr.pc=0x0000022862d9d690 relative=0x0000000000000430
Event: 7.186 Thread 0x0000022877b95820 Uncommon trap: reason=unstable_if action=reinterpret pc=0x0000022862d9d690 method=java.util.regex.Matcher.match(II)Z @ 76 c2
Event: 7.186 Thread 0x0000022877b95820 DEOPT PACKING pc=0x0000022862d9d690 sp=0x0000005c74dfdf80
Event: 7.186 Thread 0x0000022877b95820 DEOPT UNPACKING pc=0x00000228628323a3 sp=0x0000005c74dfdf50 mode 2
Event: 7.240 Thread 0x0000022877b92070 Uncommon trap: trap_request=0xffffff6e fr.pc=0x0000022862e3bb08 relative=0x00000000000003e8
Event: 7.240 Thread 0x0000022877b92070 Uncommon trap: reason=loop_limit_check action=maybe_recompile pc=0x0000022862e3bb08 method=java.lang.StringLatin1.indexOf([BI[BII)I @ 37 c2
Event: 7.240 Thread 0x0000022877b92070 DEOPT PACKING pc=0x0000022862e3bb08 sp=0x0000005c74fff100
Event: 7.240 Thread 0x0000022877b92070 DEOPT UNPACKING pc=0x00000228628323a3 sp=0x0000005c74fff060 mode 2
Event: 7.468 Thread 0x0000022877b92070 Uncommon trap: trap_request=0xffffff45 fr.pc=0x0000022862e241f4 relative=0x0000000000000434
Event: 7.468 Thread 0x0000022877b92070 Uncommon trap: reason=unstable_if action=reinterpret pc=0x0000022862e241f4 method=java.util.HashMap.getNode(Ljava/lang/Object;)Ljava/util/HashMap$Node; @ 66 c2
Event: 7.468 Thread 0x0000022877b92070 DEOPT PACKING pc=0x0000022862e241f4 sp=0x0000005c74ffc4e0
Event: 7.468 Thread 0x0000022877b92070 DEOPT UNPACKING pc=0x00000228628323a3 sp=0x0000005c74ffc400 mode 2
Event: 7.468 Thread 0x0000022877b92070 Uncommon trap: trap_request=0xffffff45 fr.pc=0x0000022862dc60b8 relative=0x00000000000003f8
Event: 7.468 Thread 0x0000022877b92070 Uncommon trap: reason=unstable_if action=reinterpret pc=0x0000022862dc60b8 method=java.util.HashMap.getNode(Ljava/lang/Object;)Ljava/util/HashMap$Node; @ 66 c2
Event: 7.468 Thread 0x0000022877b92070 DEOPT PACKING pc=0x0000022862dc60b8 sp=0x0000005c74ffc470
Event: 7.468 Thread 0x0000022877b92070 DEOPT UNPACKING pc=0x00000228628323a3 sp=0x0000005c74ffc400 mode 2
Event: 7.484 Thread 0x0000022877b92070 Uncommon trap: trap_request=0xffffff45 fr.pc=0x0000022862e4a184 relative=0x00000000000003c4
Event: 7.484 Thread 0x0000022877b92070 Uncommon trap: reason=unstable_if action=reinterpret pc=0x0000022862e4a184 method=java.util.concurrent.ConcurrentHashMap.get(Ljava/lang/Object;)Ljava/lang/Object; @ 76 c2
Event: 7.484 Thread 0x0000022877b92070 DEOPT PACKING pc=0x0000022862e4a184 sp=0x0000005c74ffb940
Event: 7.484 Thread 0x0000022877b92070 DEOPT UNPACKING pc=0x00000228628323a3 sp=0x0000005c74ffb8b8 mode 2

Classes unloaded (0 events):
No events

Classes redefined (0 events):
No events

Internal exceptions (20 events):
Event: 6.095 Thread 0x00000228539f9080 Exception <a 'java/lang/NoSuchMethodError'{0x0000000087513938}: 'java.lang.Object java.lang.invoke.DirectMethodHandle$Holder.invokeStaticInit(java.lang.Object)'> (0x0000000087513938) 
thrown [s\open\src\hotspot\share\interpreter\linkResolver.cpp, line 759]
Event: 6.132 Thread 0x00000228539f9080 Exception <a 'java/lang/NoSuchMethodError'{0x000000008759c848}: 'java.lang.Object java.lang.invoke.DirectMethodHandle$Holder.invokeInterface(java.lang.Object, java.lang.Object)'> (0x000000008759c848) 
thrown [s\open\src\hotspot\share\interpreter\linkResolver.cpp, line 759]
Event: 6.321 Thread 0x00000228539f9080 Exception <a 'java/lang/NoSuchMethodError'{0x0000000086f605e8}: 'java.lang.Object java.lang.invoke.DirectMethodHandle$Holder.invokeStaticInit(java.lang.Object, int, int, int, int)'> (0x0000000086f605e8) 
thrown [s\open\src\hotspot\share\interpreter\linkResolver.cpp, line 759]
Event: 6.462 Thread 0x00000228539f9080 Exception <a 'java/lang/NoSuchMethodError'{0x0000000086ff1e30}: 'java.lang.Object java.lang.invoke.DirectMethodHandle$Holder.invokeStaticInit(java.lang.Object, java.lang.Object, int, int, int, int)'> (0x0000000086ff1e30) 
thrown [s\open\src\hotspot\share\interpreter\linkResolver.cpp, line 759]
Event: 6.839 Thread 0x00000228539f9080 Exception <a 'java/lang/NoSuchMethodError'{0x0000000086dfc790}: 'void java.lang.invoke.DirectMethodHandle$Holder.invokeStatic(java.lang.Object, java.lang.Object, java.lang.Object)'> (0x0000000086dfc790) 
thrown [s\open\src\hotspot\share\interpreter\linkResolver.cpp, line 759]
Event: 6.932 Thread 0x00000228539f9080 Exception <a 'java/io/IOException'{0x0000000086b183e8}> (0x0000000086b183e8) 
thrown [s\open\src\hotspot\share\prims\jni.cpp, line 516]
Event: 6.938 Thread 0x00000228539f9080 Implicit null exception at 0x0000022862dc4255 to 0x0000022862dc4860
Event: 6.946 Thread 0x00000228539f9080 Exception <a 'java/lang/NoSuchMethodError'{0x0000000086b77828}: 'java.lang.Object java.lang.invoke.DirectMethodHandle$Holder.newInvokeSpecial(java.lang.Object, java.lang.Object, java.lang.Object, java.lang.Object, java.lang.Object)'> (0x0000000086b77828) 
thrown [s\open\src\hotspot\share\interpreter\linkResolver.cpp, line 759]
Event: 7.235 Thread 0x0000022877b95310 Exception <a 'java/lang/NoSuchMethodError'{0x0000000086874c98}: 'void java.lang.invoke.DirectMethodHandle$Holder.invokeSpecial(java.lang.Object, java.lang.Object, java.lang.Object)'> (0x0000000086874c98) 
thrown [s\open\src\hotspot\share\interpreter\linkResolver.cpp, line 759]
Event: 7.317 Thread 0x0000022877b92070 Exception <a 'java/lang/NoSuchMethodError'{0x00000000863e1cf8}: 'long java.lang.invoke.DirectMethodHandle$Holder.invokeInterface(java.lang.Object, java.lang.Object)'> (0x00000000863e1cf8) 
thrown [s\open\src\hotspot\share\interpreter\linkResolver.cpp, line 759]
Event: 7.429 Thread 0x0000022877b92070 Exception <a 'java/lang/NoSuchMethodError'{0x0000000085e5b378}: 'void java.lang.invoke.DirectMethodHandle$Holder.invokeStatic(java.lang.Object, java.lang.Object)'> (0x0000000085e5b378) 
thrown [s\open\src\hotspot\share\interpreter\linkResolver.cpp, line 759]
Event: 7.493 Thread 0x0000022877b92070 Exception <a 'java/lang/NoSuchMethodError'{0x0000000085c76640}: 'int java.lang.invoke.DirectMethodHandle$Holder.invokeVirtual(java.lang.Object, java.lang.Object, java.lang.Object)'> (0x0000000085c76640) 
thrown [s\open\src\hotspot\share\interpreter\linkResolver.cpp, line 759]
Event: 7.551 Thread 0x0000022877b92070 Exception <a 'java/lang/NoSuchMethodError'{0x00000000859046b0}: 'java.lang.Object java.lang.invoke.DirectMethodHandle$Holder.newInvokeSpecial(java.lang.Object, java.lang.Object, java.lang.Object, java.lang.Object, java.lang.Object, java.lang.Object)'> (0x00000000859046b0) 
thrown [s\open\src\hotspot\share\interpreter\linkResolver.cpp, line 759]
Event: 7.555 Thread 0x0000022877b92070 Exception <a 'java/lang/NoSuchMethodError'{0x0000000085921598}: 'void java.lang.invoke.DirectMethodHandle$Holder.invokeSpecial(java.lang.Object, java.lang.Object, java.lang.Object, java.lang.Object, java.lang.Object)'> (0x0000000085921598) 
thrown [s\open\src\hotspot\share\interpreter\linkResolver.cpp, line 759]
Event: 7.557 Thread 0x0000022877b92070 Exception <a 'java/lang/NoSuchMethodError'{0x0000000085934fc0}: 'void java.lang.invoke.DirectMethodHandle$Holder.invokeStaticInit(java.lang.Object, java.lang.Object)'> (0x0000000085934fc0) 
thrown [s\open\src\hotspot\share\interpreter\linkResolver.cpp, line 759]
Event: 7.638 Thread 0x0000022877b92070 Exception <a 'java/lang/NoSuchMethodError'{0x000000008560d2b0}: 'void java.lang.invoke.DelegatingMethodHandle$Holder.reinvoke_L(java.lang.Object, java.lang.Object, java.lang.Object, java.lang.Object, java.lang.Object, java.lang.Object, java.lang.Object, java.lang.Object, java.lang.Object, java.lang.Object)'> (0x000000008560d2b0) 
thrown [s\open\src\hotspot\share\interpreter\linkResolver.cpp, line 759]
Event: 7.639 Thread 0x0000022877b92070 Exception <a 'java/lang/NoSuchMethodError'{0x0000000085615720}: 'java.lang.Object java.lang.invoke.DirectMethodHandle$Holder.invokeSpecial(java.lang.Object, java.lang.Object, java.lang.Object, java.lang.Object, java.lang.Object, java.lang.Object, java.lang.Object, java.lang.Object, java.lang.Object, java.lang.Object)'> (0x0000000085615720) 
thrown [s\open\src\hotspot\share\interpreter\linkResolver.cpp, line 759]
Event: 7.639 Thread 0x0000022877b92070 Exception <a 'java/lang/NoSuchMethodError'{0x0000000085619ff0}: 'java.lang.Object java.lang.invoke.Invokers$Holder.invoker(java.lang.Object, java.lang.Object, java.lang.Object, java.lang.Object, java.lang.Object, java.lang.Object, java.lang.Object, java.lang.Object, java.lang.Object, java.lang.Object)'> (0x0000000085619ff0) 
thrown [s\open\src\hotspot\share\interpreter\linkResolver.cpp, line 759]
Event: 7.640 Thread 0x0000022877b92070 Exception <a 'java/lang/NoSuchMethodError'{0x000000008561fbf8}: 'java.lang.Object java.lang.invoke.DirectMethodHandle$Holder.invokeSpecial(java.lang.Object, java.lang.Object, java.lang.Object, java.lang.Object, java.lang.Object, java.lang.Object, java.lang.Object, java.lang.Object, java.lang.Object, java.lang.Object, java.lang.Object)'> (0x000000008561fbf8) 
thrown [s\open\src\hotspot\share\interpreter\linkResolver.cpp, line 759]
Event: 7.879 Thread 0x0000022877b92070 Exception <a 'java/lang/NoSuchMethodError'{0x0000000084f66340}: 'java.lang.Object java.lang.invoke.DirectMethodHandle$Holder.newInvokeSpecial(java.lang.Object, java.lang.Object, int)'> (0x0000000084f66340) 
thrown [s\open\src\hotspot\share\interpreter\linkResolver.cpp, line 759]

VM Operations (20 events):
Event: 6.003 Executing VM operation: HandshakeAllThreads
Event: 6.003 Executing VM operation: HandshakeAllThreads done
Event: 6.047 Executing VM operation: HandshakeAllThreads
Event: 6.047 Executing VM operation: HandshakeAllThreads done
Event: 6.050 Executing VM operation: HandshakeAllThreads
Event: 6.050 Executing VM operation: HandshakeAllThreads done
Event: 6.126 Executing VM operation: HandshakeAllThreads
Event: 6.126 Executing VM operation: HandshakeAllThreads done
Event: 6.203 Executing VM operation: HandshakeAllThreads
Event: 6.203 Executing VM operation: HandshakeAllThreads done
Event: 6.296 Executing VM operation: HandshakeAllThreads
Event: 6.296 Executing VM operation: HandshakeAllThreads done
Event: 6.455 Executing VM operation: HandshakeAllThreads
Event: 6.455 Executing VM operation: HandshakeAllThreads done
Event: 6.837 Executing VM operation: HandshakeAllThreads
Event: 6.837 Executing VM operation: HandshakeAllThreads done
Event: 6.837 Executing VM operation: Cleanup
Event: 6.837 Executing VM operation: Cleanup done
Event: 7.054 Executing VM operation: HandshakeAllThreads
Event: 7.054 Executing VM operation: HandshakeAllThreads done

Events (20 events):
Event: 7.829 loading class java/nio/file/FileSystemException done
Event: 7.829 loading class java/nio/file/NoSuchFileException done
Event: 7.831 loading class java/nio/file/attribute/PosixFilePermissions
Event: 7.831 loading class java/nio/file/attribute/PosixFilePermissions done
Event: 7.831 loading class java/nio/file/attribute/PosixFilePermissions$1
Event: 7.831 loading class java/nio/file/attribute/PosixFilePermissions$1 done
Event: 7.837 loading class sun/invoke/util/VerifyAccess$1
Event: 7.838 loading class sun/invoke/util/VerifyAccess$1 done
Event: 7.876 loading class java/util/concurrent/ArrayBlockingQueue
Event: 7.877 loading class java/util/concurrent/ArrayBlockingQueue done
Event: 7.877 loading class java/util/concurrent/locks/ReentrantLock$FairSync
Event: 7.877 loading class java/util/concurrent/locks/ReentrantLock$FairSync done
Event: 7.877 Thread 0x0000022877b943e0 Thread added: 0x0000022877b943e0
Event: 7.883 loading class sun/misc/Unsafe
Event: 7.883 loading class sun/misc/Unsafe done
Event: 7.892 Thread 0x0000022877b948f0 Thread added: 0x0000022877b948f0
Event: 7.892 loading class java/net/DatagramPacket
Event: 7.893 loading class java/net/DatagramPacket done
Event: 7.894 loading class sun/nio/ch/DatagramSocketAdaptor$DatagramPackets
Event: 7.894 loading class sun/nio/ch/DatagramSocketAdaptor$DatagramPackets done


Dynamic libraries:
0x00007ff63a5a0000 - 0x00007ff63a5b0000 	C:\Program Files\Java\jdk-17\bin\java.exe
0x00007ff950910000 - 0x00007ff950b27000 	C:\Windows\SYSTEM32\ntdll.dll
0x00007ff94f320000 - 0x00007ff94f3e4000 	C:\Windows\System32\KERNEL32.DLL
0x00007ff94dcf0000 - 0x00007ff94e0a7000 	C:\Windows\System32\KERNELBASE.dll
0x00007ff94e400000 - 0x00007ff94e511000 	C:\Windows\System32\ucrtbase.dll
0x00007ff934b40000 - 0x00007ff934b5b000 	C:\Program Files\Java\jdk-17\bin\VCRUNTIME140.dll
0x00007ff939d30000 - 0x00007ff939d49000 	C:\Program Files\Java\jdk-17\bin\jli.dll
0x00007ff950010000 - 0x00007ff9500c2000 	C:\Windows\System32\ADVAPI32.dll
0x00007ff94e800000 - 0x00007ff94e8a7000 	C:\Windows\System32\msvcrt.dll
0x00007ff9500d0000 - 0x00007ff950178000 	C:\Windows\System32\sechost.dll
0x00007ff94dc90000 - 0x00007ff94dcb8000 	C:\Windows\System32\bcrypt.dll
0x00007ff94fbc0000 - 0x00007ff94fcd4000 	C:\Windows\System32\RPCRT4.dll
0x00007ff94e8b0000 - 0x00007ff94ea5f000 	C:\Windows\System32\USER32.dll
0x00007ff94dcc0000 - 0x00007ff94dce6000 	C:\Windows\System32\win32u.dll
0x00007ff931340000 - 0x00007ff9315d3000 	C:\Windows\WinSxS\amd64_microsoft.windows.common-controls_6595b64144ccf1df_6.0.22621.3672_none_2713b9d173822955\COMCTL32.dll
0x00007ff9501b0000 - 0x00007ff9501d9000 	C:\Windows\System32\GDI32.dll
0x00007ff94e520000 - 0x00007ff94e638000 	C:\Windows\System32\gdi32full.dll
0x00007ff94e1f0000 - 0x00007ff94e28a000 	C:\Windows\System32\msvcp_win.dll
0x00007ff945870000 - 0x00007ff94587a000 	C:\Windows\SYSTEM32\VERSION.dll
0x00007ff94f680000 - 0x00007ff94f6b1000 	C:\Windows\System32\IMM32.DLL
0x00007ff947190000 - 0x00007ff94719c000 	C:\Program Files\Java\jdk-17\bin\vcruntime140_1.dll
0x00007ff934ab0000 - 0x00007ff934b3e000 	C:\Program Files\Java\jdk-17\bin\msvcp140.dll
0x00007ff8aec10000 - 0x00007ff8af7f0000 	C:\Program Files\Java\jdk-17\bin\server\jvm.dll
0x00007ff946450000 - 0x00007ff946484000 	C:\Windows\SYSTEM32\WINMM.dll
0x00007ff939d20000 - 0x00007ff939d29000 	C:\Windows\SYSTEM32\WSOCK32.dll
0x00007ff94f7c0000 - 0x00007ff94f7c8000 	C:\Windows\System32\PSAPI.DLL
0x00007ff94f600000 - 0x00007ff94f671000 	C:\Windows\System32\WS2_32.dll
0x00007ff94cc30000 - 0x00007ff94cc48000 	C:\Windows\SYSTEM32\kernel.appcore.dll
0x00007ff934aa0000 - 0x00007ff934aaa000 	C:\Program Files\Java\jdk-17\bin\jimage.dll
0x00007ff940760000 - 0x00007ff940992000 	C:\Windows\SYSTEM32\DBGHELP.DLL
0x00007ff94f830000 - 0x00007ff94fbbe000 	C:\Windows\System32\combase.dll
0x00007ff9507f0000 - 0x00007ff9508c7000 	C:\Windows\System32\OLEAUT32.dll
0x00007ff93f900000 - 0x00007ff93f932000 	C:\Windows\SYSTEM32\dbgcore.DLL
0x00007ff94e170000 - 0x00007ff94e1eb000 	C:\Windows\System32\bcryptPrimitives.dll
0x00007ff9471b0000 - 0x00007ff9471be000 	C:\Program Files\Java\jdk-17\bin\instrument.dll
0x00007ff934a10000 - 0x00007ff934a35000 	C:\Program Files\Java\jdk-17\bin\java.dll
0x00007ff8eb220000 - 0x00007ff8eb2f7000 	C:\Program Files\Java\jdk-17\bin\jsvml.dll
0x00007ff94ea60000 - 0x00007ff94f2c9000 	C:\Windows\System32\SHELL32.dll
0x00007ff94baf0000 - 0x00007ff94c3ef000 	C:\Windows\SYSTEM32\windows.storage.dll
0x00007ff94b9b0000 - 0x00007ff94baef000 	C:\Windows\SYSTEM32\wintypes.dll
0x00007ff94f6c0000 - 0x00007ff94f7b9000 	C:\Windows\System32\SHCORE.dll
0x00007ff94f5a0000 - 0x00007ff94f5fe000 	C:\Windows\System32\shlwapi.dll
0x00007ff94db50000 - 0x00007ff94db77000 	C:\Windows\SYSTEM32\profapi.dll
0x00007ff91ba50000 - 0x00007ff91ba68000 	C:\Program Files\Java\jdk-17\bin\zip.dll
0x00007ff934860000 - 0x00007ff934879000 	C:\Program Files\Java\jdk-17\bin\net.dll
0x00007ff949d30000 - 0x00007ff949e66000 	C:\Windows\SYSTEM32\WINHTTP.dll
0x00007ff94d090000 - 0x00007ff94d0f9000 	C:\Windows\system32\mswsock.dll
0x00007ff91ba70000 - 0x00007ff91ba86000 	C:\Program Files\Java\jdk-17\bin\nio.dll
0x00007ff934a90000 - 0x00007ff934aa0000 	C:\Program Files\Java\jdk-17\bin\verify.dll
0x00007ff93aa20000 - 0x00007ff93aa47000 	C:\Users\LT053\.gradle\native\c067742578af261105cb4f569cf0c3c89f3d7b1fecec35dd04571415982c5e48\windows-amd64\native-platform.dll
0x00007ff906b40000 - 0x00007ff906c84000 	C:\Users\LT053\.gradle\native\100fb08df4bc3b14c8652ba06237920a3bd2aa13389f12d3474272988ae205f9\windows-amd64\native-platform-file-events.dll
0x00007ff92e960000 - 0x00007ff92e96a000 	C:\Program Files\Java\jdk-17\bin\management.dll
0x00007ff92e4c0000 - 0x00007ff92e4cb000 	C:\Program Files\Java\jdk-17\bin\management_ext.dll
0x00007ff94d3e0000 - 0x00007ff94d3fb000 	C:\Windows\SYSTEM32\CRYPTSP.dll
0x00007ff94cb90000 - 0x00007ff94cbc5000 	C:\Windows\system32\rsaenh.dll
0x00007ff94d130000 - 0x00007ff94d158000 	C:\Windows\SYSTEM32\USERENV.dll
0x00007ff94d3c0000 - 0x00007ff94d3cc000 	C:\Windows\SYSTEM32\CRYPTBASE.dll
0x00007ff94c6a0000 - 0x00007ff94c6cd000 	C:\Windows\SYSTEM32\IPHLPAPI.DLL
0x00007ff94fe40000 - 0x00007ff94fe49000 	C:\Windows\System32\NSI.dll
0x00007ff949560000 - 0x00007ff949579000 	C:\Windows\SYSTEM32\dhcpcsvc6.DLL
0x00007ff949540000 - 0x00007ff94955f000 	C:\Windows\SYSTEM32\dhcpcsvc.DLL
0x00007ff94c710000 - 0x00007ff94c812000 	C:\Windows\SYSTEM32\DNSAPI.dll
0x00007ff9471a0000 - 0x00007ff9471ae000 	C:\Program Files\Java\jdk-17\bin\sunmscapi.dll
0x00007ff94e290000 - 0x00007ff94e3f6000 	C:\Windows\System32\CRYPT32.dll
0x00007ff94d5e0000 - 0x00007ff94d60d000 	C:\Windows\SYSTEM32\ncrypt.dll
0x00007ff94d5a0000 - 0x00007ff94d5d7000 	C:\Windows\SYSTEM32\NTASN1.dll
0x00007ff8e1ec0000 - 0x00007ff8e1ec8000 	C:\Windows\system32\wshunix.dll

dbghelp: loaded successfully - version: 4.0.5 - missing functions: none
symbol engine: initialized successfully - sym options: 0x614 - pdb path: .;C:\Program Files\Java\jdk-17\bin;C:\Windows\SYSTEM32;C:\Windows\WinSxS\amd64_microsoft.windows.common-controls_6595b64144ccf1df_6.0.22621.3672_none_2713b9d173822955;C:\Program Files\Java\jdk-17\bin\server;C:\Users\LT053\.gradle\native\c067742578af261105cb4f569cf0c3c89f3d7b1fecec35dd04571415982c5e48\windows-amd64;C:\Users\LT053\.gradle\native\100fb08df4bc3b14c8652ba06237920a3bd2aa13389f12d3474272988ae205f9\windows-amd64

VM Arguments:
jvm_args: -XX:MaxMetaspaceSize=512m --add-opens=java.base/java.util=ALL-UNNAMED --add-opens=java.base/java.lang=ALL-UNNAMED --add-opens=java.base/java.lang.invoke=ALL-UNNAMED --add-opens=java.prefs/java.util.prefs=ALL-UNNAMED --add-exports=jdk.compiler/com.sun.tools.javac.api=ALL-UNNAMED --add-exports=jdk.compiler/com.sun.tools.javac.util=ALL-UNNAMED --add-opens=java.base/java.nio.charset=ALL-UNNAMED --add-opens=java.base/java.net=ALL-UNNAMED --add-opens=java.base/java.util.concurrent.atomic=ALL-UNNAMED -Xmx2048m -Dfile.encoding=windows-1252 -Duser.country=US -Duser.language=en -Duser.variant -javaagent:C:\Users\LT053\.gradle\wrapper\dists\gradle-8.10.2-all\7iv73wktx1xtkvlq19urqw1wm\gradle-8.10.2\lib\agents\gradle-instrumentation-agent-8.10.2.jar 
java_command: org.gradle.launcher.daemon.bootstrap.GradleDaemon 8.10.2
java_class_path (initial): C:\Users\LT053\.gradle\wrapper\dists\gradle-8.10.2-all\7iv73wktx1xtkvlq19urqw1wm\gradle-8.10.2\lib\gradle-daemon-main-8.10.2.jar
Launcher Type: SUN_STANDARD

[Global flags]
     intx CICompilerCount                          = 4                                         {product} {ergonomic}
   size_t CompressedClassSpaceSize                 = 436207616                                 {product} {ergonomic}
     uint ConcGCThreads                            = 2                                         {product} {ergonomic}
     uint G1ConcRefinementThreads                  = 8                                         {product} {ergonomic}
   size_t G1HeapRegionSize                         = 1048576                                   {product} {ergonomic}
    uintx GCDrainStackTargetSize                   = 64                                        {product} {ergonomic}
   size_t InitialHeapSize                          = 132120576                                 {product} {ergonomic}
   size_t MarkStackSize                            = 4194304                                   {product} {ergonomic}
   size_t MaxHeapSize                              = 2147483648                                {product} {command line}
   size_t MaxMetaspaceSize                         = 536870912                                 {product} {command line}
   size_t MaxNewSize                               = 1287651328                                {product} {ergonomic}
   size_t MinHeapDeltaBytes                        = 1048576                                   {product} {ergonomic}
   size_t MinHeapSize                              = 8388608                                   {product} {ergonomic}
    uintx NonNMethodCodeHeapSize                   = 5839372                                {pd product} {ergonomic}
    uintx NonProfiledCodeHeapSize                  = 122909434                              {pd product} {ergonomic}
    uintx ProfiledCodeHeapSize                     = 122909434                              {pd product} {ergonomic}
    uintx ReservedCodeCacheSize                    = 251658240                              {pd product} {ergonomic}
     bool SegmentedCodeCache                       = true                                      {product} {ergonomic}
   size_t SoftMaxHeapSize                          = 2147483648                             {manageable} {ergonomic}
     bool UseCompressedClassPointers               = true                           {product lp64_product} {ergonomic}
     bool UseCompressedOops                        = true                           {product lp64_product} {ergonomic}
     bool UseG1GC                                  = true                                      {product} {ergonomic}
     bool UseLargePagesIndividualAllocation        = false                                  {pd product} {ergonomic}

Logging:
Log output configuration:
 #0: stdout all=warning uptime,level,tags
 #1: stderr all=off uptime,level,tags

Environment Variables:
JAVA_HOME=C:\Program Files\Java\jdk-17
CLASSPATH=C:\Users\LT053\Desktop\MyApp\MyApp\android\\gradle\wrapper\gradle-wrapper.jar
PATH=C:\Users\LT053\Desktop\MyApp\MyApp\node_modules\.bin;C:\Users\LT053\Desktop\MyApp\MyApp\node_modules\.bin;C:\Users\LT053\Desktop\MyApp\node_modules\.bin;C:\Users\LT053\Desktop\node_modules\.bin;C:\Users\LT053\node_modules\.bin;C:\Users\node_modules\.bin;C:\node_modules\.bin;C:\Users\LT053\AppData\Roaming\npm\node_modules\npm\node_modules\@npmcli\run-script\lib\node-gyp-bin;C:\Program Files\Java\jdk-17\bin;C:\Program Files\nodejs\;C:\Windows;C:\Windows\System32\Wbem;C:\Windows\System32\WindowsPowerShell\v1.0\;C:\Windows\System32\OpenSSH\;C:\Program Files\dotnet\;C:\ProgramData\chocolatey\bin;C:\Windows\System32;C:\Program Files\Java\jdk-23\bin;C:\Users\LT053\AppData\Local\Android\Sdk;C:\Users\LT053\AppData\Local\Android\Sdk\platform-tools;C:\Users\LT053\AppData\Local\Android\Sdk\emulator;C:\Users\LT053\AppData\Local\Android\Sdk\build-tools;C:\Users\LT053\AppData\Local\Microsoft\WindowsApps;C:\Users\LT053\AppData\Roaming\npm;C:\Users\LT053\AppData\Local\Programs\Git\cmd;C:\Users\LT053\AppData\Local\Android\Sdk\platform-tools;C:\Users\LT053\AppData\Local\Android\Sdk\platform-tools;C:\Users\LT053\AppData\Local\Programs\cursor\resources\app\bin
USERNAME=LT053
LANG=en_US.UTF-8
OS=Windows_NT
PROCESSOR_IDENTIFIER=Intel64 Family 6 Model 142 Stepping 12, GenuineIntel



---------------  S Y S T E M  ---------------

OS:
 Windows 11 , 64 bit Build 22621 (10.0.22621.3958)
OS uptime: 3 days 5:52 hours
Hyper-V role detected

CPU: total 8 (initial active 8) (4 cores per cpu, 2 threads per core) family 6 model 142 stepping 12 microcode 0xfe, cx8, cmov, fxsr, ht, mmx, 3dnowpref, sse, sse2, sse3, ssse3, sse4.1, sse4.2, popcnt, lzcnt, tsc, tscinvbit, avx, avx2, aes, erms, clmul, bmi1, bmi2, adx, fma, vzeroupper, clflush, clflushopt, hv

Memory: 4k page, system-wide physical 7952M (388M free)
TotalPageFile size 22974M (AvailPageFile size 3M)
current process WorkingSet (physical memory assigned to process): 165M, peak: 165M
current process commit charge ("private bytes"): 270M, peak: 271M

vm_info: Java HotSpot(TM) 64-Bit Server VM (17.0.12+8-LTS-286) for windows-amd64 JRE (17.0.12+8-LTS-286), built on Jun  5 2024 06:46:59 by "mach5one" with MS VC++ 17.6 (VS2022)

END.
