#
# There is insufficient memory for the Java Runtime Environment to continue.
# Native memory allocation (malloc) failed to allocate 32744 bytes for ChunkPool::allocate
# Possible reasons:
#   The system is out of physical RAM or swap space
#   The process is running with CompressedOops enabled, and the Java Heap may be blocking the growth of the native heap
# Possible solutions:
#   Reduce memory load on the system
#   Increase physical memory or swap space
#   Check if swap backing store is full
#   Decrease Java heap size (-Xmx/-Xms)
#   Decrease number of Java threads
#   Decrease Java thread stack sizes (-Xss)
#   Set larger code cache with -XX:ReservedCodeCacheSize=
#   JVM is running with Unscaled Compressed Oops mode in which the Java heap is
#     placed in the first 4GB address space. The Java Heap base address is the
#     maximum limit for the native heap growth. Please use -XX:HeapBaseMinAddress
#     to set the Java Heap base and to place the Java Heap above 4GB virtual address.
# This output file may be truncated or incomplete.
#
#  Out of Memory Error (arena.cpp:78), pid=19328, tid=19804
#
# JRE version: Java(TM) SE Runtime Environment (17.0.12+8) (build 17.0.12+8-LTS-286)
# Java VM: Java HotSpot(TM) 64-Bit Server VM (17.0.12+8-LTS-286, mixed mode, sharing, tiered, compressed oops, compressed class ptrs, g1 gc, windows-amd64)
# No core dump will be written. Minidumps are not enabled by default on client versions of Windows
#

---------------  S U M M A R Y ------------

Command Line: -Xmx64m -Xms64m -Dorg.gradle.appname=gradlew org.gradle.wrapper.GradleWrapperMain app:installDebug -PreactNativeDevServerPort=8081

Host: Intel(R) Core(TM) i5-10210U CPU @ 1.60GHz, 8 cores, 7G,  Windows 11 , 64 bit Build 22621 (10.0.22621.3958)
Time: Mon Apr  7 17:05:27 2025 India Standard Time elapsed time: 30.933453 seconds (0d 0h 0m 30s)

---------------  T H R E A D  ---------------

Current thread (0x000002af9b79a090):  JavaThread "C1 CompilerThread0" daemon [_thread_in_native, id=19804, stack(0x000000c5e6600000,0x000000c5e6700000)]


Current CompileTask:
C1:  30933 1611   !   3       java.nio.charset.CharsetDecoder::decode (275 bytes)

Stack: [0x000000c5e6600000,0x000000c5e6700000]
Native frames: (J=compiled Java code, j=interpreted, Vv=VM code, C=native code)
V  [jvm.dll+0x67a04a]
V  [jvm.dll+0x7da4ed]
V  [jvm.dll+0x7dbe33]
V  [jvm.dll+0x7dc4a3]
V  [jvm.dll+0x24508f]
V  [jvm.dll+0xab9a4]
V  [jvm.dll+0xabd3c]
V  [jvm.dll+0x16d650]
V  [jvm.dll+0x16326e]
V  [jvm.dll+0x15e16e]
V  [jvm.dll+0x14c490]
V  [jvm.dll+0x1355a7]
V  [jvm.dll+0x134eff]
V  [jvm.dll+0x135148]
V  [jvm.dll+0x1345d1]
V  [jvm.dll+0x1362bd]
V  [jvm.dll+0x22610b]
V  [jvm.dll+0x2242ab]
V  [jvm.dll+0x79075c]
V  [jvm.dll+0x78abea]
V  [jvm.dll+0x678f35]
C  [ucrtbase.dll+0x29333]
C  [KERNEL32.DLL+0x1257d]
C  [ntdll.dll+0x5af08]


---------------  P R O C E S S  ---------------

Threads class SMR info:
_java_thread_list=0x000002afe18e7190, length=13, elements={
0x000002af81fd5750, 0x000002af9b76ff00, 0x000002af9b770d80, 0x000002af9b783aa0,
0x000002af9b787580, 0x000002af9b787f40, 0x000002af9b788900, 0x000002af9b78f1c0,
0x000002af9b79a090, 0x000002af9b7a66b0, 0x000002af9b9cc3d0, 0x000002af9b9d1320,
0x000002afe1865210
}

Java Threads: ( => current thread )
  0x000002af81fd5750 JavaThread "main" [_thread_in_Java, id=17580, stack(0x000000c5e5800000,0x000000c5e5900000)]
  0x000002af9b76ff00 JavaThread "Reference Handler" daemon [_thread_blocked, id=10524, stack(0x000000c5e5f00000,0x000000c5e6000000)]
  0x000002af9b770d80 JavaThread "Finalizer" daemon [_thread_blocked, id=4632, stack(0x000000c5e6000000,0x000000c5e6100000)]
  0x000002af9b783aa0 JavaThread "Signal Dispatcher" daemon [_thread_blocked, id=12900, stack(0x000000c5e6100000,0x000000c5e6200000)]
  0x000002af9b787580 JavaThread "Attach Listener" daemon [_thread_blocked, id=13244, stack(0x000000c5e6200000,0x000000c5e6300000)]
  0x000002af9b787f40 JavaThread "Service Thread" daemon [_thread_blocked, id=11588, stack(0x000000c5e6300000,0x000000c5e6400000)]
  0x000002af9b788900 JavaThread "Monitor Deflation Thread" daemon [_thread_blocked, id=20392, stack(0x000000c5e6400000,0x000000c5e6500000)]
  0x000002af9b78f1c0 JavaThread "C2 CompilerThread0" daemon [_thread_in_native, id=16688, stack(0x000000c5e6500000,0x000000c5e6600000)]
=>0x000002af9b79a090 JavaThread "C1 CompilerThread0" daemon [_thread_in_native, id=19804, stack(0x000000c5e6600000,0x000000c5e6700000)]
  0x000002af9b7a66b0 JavaThread "Sweeper thread" daemon [_thread_blocked, id=2172, stack(0x000000c5e6700000,0x000000c5e6800000)]
  0x000002af9b9cc3d0 JavaThread "Notification Thread" daemon [_thread_blocked, id=22236, stack(0x000000c5e6800000,0x000000c5e6900000)]
  0x000002af9b9d1320 JavaThread "Common-Cleaner" daemon [_thread_blocked, id=3320, stack(0x000000c5e6a00000,0x000000c5e6b00000)]
  0x000002afe1865210 JavaThread "pool-1-thread-1" [_thread_blocked, id=21244, stack(0x000000c5e6e00000,0x000000c5e6f00000)]

Other Threads:
  0x000002af9b768ee0 VMThread "VM Thread" [stack: 0x000000c5e5e00000,0x000000c5e5f00000] [id=15832]
  0x000002af9b9d0ee0 WatcherThread [stack: 0x000000c5e6900000,0x000000c5e6a00000] [id=18492]
  0x000002af81ff6fc0 GCTaskThread "GC Thread#0" [stack: 0x000000c5e5900000,0x000000c5e5a00000] [id=12084]
  0x000002afe1240df0 GCTaskThread "GC Thread#1" [stack: 0x000000c5e6b00000,0x000000c5e6c00000] [id=22964]
  0x000002afe110be70 GCTaskThread "GC Thread#2" [stack: 0x000000c5e6c00000,0x000000c5e6d00000] [id=16692]
  0x000002afe10d5820 GCTaskThread "GC Thread#3" [stack: 0x000000c5e6d00000,0x000000c5e6e00000] [id=14084]
  0x000002afe18a38a0 GCTaskThread "GC Thread#4" [stack: 0x000000c5e6f00000,0x000000c5e7000000] [id=19056]
  0x000002afe1a15460 GCTaskThread "GC Thread#5" [stack: 0x000000c5e7000000,0x000000c5e7100000] [id=17972]
  0x000002afe18d2b10 GCTaskThread "GC Thread#6" [stack: 0x000000c5e7100000,0x000000c5e7200000] [id=16516]
  0x000002af81ff8710 ConcurrentGCThread "G1 Main Marker" [stack: 0x000000c5e5a00000,0x000000c5e5b00000] [id=22500]
  0x000002af81ff9130 ConcurrentGCThread "G1 Conc#0" [stack: 0x000000c5e5b00000,0x000000c5e5c00000] [id=20904]
  0x000002af8208ab60 ConcurrentGCThread "G1 Refine#0" [stack: 0x000000c5e5c00000,0x000000c5e5d00000] [id=17536]
  0x000002af8208b590 ConcurrentGCThread "G1 Service" [stack: 0x000000c5e5d00000,0x000000c5e5e00000] [id=13736]

Threads with active compile tasks:
C2 CompilerThread0    31018 1619   !   4       java.io.BufferedReader::readLine (327 bytes)
C1 CompilerThread0    31019 1611   !   3       java.nio.charset.CharsetDecoder::decode (275 bytes)

VM state: not at safepoint (normal execution)

VM Mutex/Monitor currently owned by a thread: None

Heap address: 0x00000000fc000000, size: 64 MB, Compressed Oops mode: 32-bit

CDS archive(s) mapped at: [0x000002af9c000000-0x000002af9cbd0000-0x000002af9cbd0000), size 12386304, SharedBaseAddress: 0x000002af9c000000, ArchiveRelocationMode: 1.
Compressed class space mapped at: 0x000002af9d000000-0x000002afdd000000, reserved size: 1073741824
Narrow klass base: 0x000002af9c000000, Narrow klass shift: 0, Narrow klass range: 0x100000000

GC Precious Log:
 CPUs: 8 total, 8 available
 Memory: 7952M
 Large Page Support: Disabled
 NUMA Support: Disabled
 Compressed Oops: Enabled (32-bit)
 Heap Region Size: 1M
 Heap Min Capacity: 64M
 Heap Initial Capacity: 64M
 Heap Max Capacity: 64M
 Pre-touch: Disabled
 Parallel Workers: 8
 Concurrent Workers: 2
 Concurrent Refinement Workers: 8
 Periodic GC: Disabled

Heap:
 garbage-first heap   total 65536K, used 19194K [0x00000000fc000000, 0x0000000100000000)
  region size 1024K, 12 young (12288K), 4 survivors (4096K)
 Metaspace       used 9363K, committed 9600K, reserved 1114112K
  class space    used 1263K, committed 1408K, reserved 1048576K

Heap Regions: E=young(eden), S=young(survivor), O=old, HS=humongous(starts), HC=humongous(continues), CS=collection set, F=free, OA=open archive, CA=closed archive, TAMS=top-at-mark-start (previous, next)
|   0|0x00000000fc000000, 0x00000000fc100000, 0x00000000fc100000|100%| O|  |TAMS 0x00000000fc000000, 0x00000000fc000000| Untracked 
|   1|0x00000000fc100000, 0x00000000fc200000, 0x00000000fc200000|100%|HS|  |TAMS 0x00000000fc100000, 0x00000000fc100000| Complete 
|   2|0x00000000fc200000, 0x00000000fc300000, 0x00000000fc300000|100%|HC|  |TAMS 0x00000000fc200000, 0x00000000fc200000| Complete 
|   3|0x00000000fc300000, 0x00000000fc400000, 0x00000000fc400000|100%|HC|  |TAMS 0x00000000fc300000, 0x00000000fc300000| Complete 
|   4|0x00000000fc400000, 0x00000000fc500000, 0x00000000fc500000|100%| O|  |TAMS 0x00000000fc400000, 0x00000000fc400000| Untracked 
|   5|0x00000000fc500000, 0x00000000fc600000, 0x00000000fc600000|100%| O|  |TAMS 0x00000000fc500000, 0x00000000fc500000| Untracked 
|   6|0x00000000fc600000, 0x00000000fc700000, 0x00000000fc700000|100%| O|  |TAMS 0x00000000fc600000, 0x00000000fc600000| Untracked 
|   7|0x00000000fc700000, 0x00000000fc7be800, 0x00000000fc800000| 74%| O|  |TAMS 0x00000000fc700000, 0x00000000fc700000| Untracked 
|   8|0x00000000fc800000, 0x00000000fc800000, 0x00000000fc900000|  0%| F|  |TAMS 0x00000000fc800000, 0x00000000fc800000| Untracked 
|   9|0x00000000fc900000, 0x00000000fc900000, 0x00000000fca00000|  0%| F|  |TAMS 0x00000000fc900000, 0x00000000fc900000| Untracked 
|  10|0x00000000fca00000, 0x00000000fca00000, 0x00000000fcb00000|  0%| F|  |TAMS 0x00000000fca00000, 0x00000000fca00000| Untracked 
|  11|0x00000000fcb00000, 0x00000000fcb00000, 0x00000000fcc00000|  0%| F|  |TAMS 0x00000000fcb00000, 0x00000000fcb00000| Untracked 
|  12|0x00000000fcc00000, 0x00000000fcc00000, 0x00000000fcd00000|  0%| F|  |TAMS 0x00000000fcc00000, 0x00000000fcc00000| Untracked 
|  13|0x00000000fcd00000, 0x00000000fcd00000, 0x00000000fce00000|  0%| F|  |TAMS 0x00000000fcd00000, 0x00000000fcd00000| Untracked 
|  14|0x00000000fce00000, 0x00000000fce00000, 0x00000000fcf00000|  0%| F|  |TAMS 0x00000000fce00000, 0x00000000fce00000| Untracked 
|  15|0x00000000fcf00000, 0x00000000fcf00000, 0x00000000fd000000|  0%| F|  |TAMS 0x00000000fcf00000, 0x00000000fcf00000| Untracked 
|  16|0x00000000fd000000, 0x00000000fd000000, 0x00000000fd100000|  0%| F|  |TAMS 0x00000000fd000000, 0x00000000fd000000| Untracked 
|  17|0x00000000fd100000, 0x00000000fd100000, 0x00000000fd200000|  0%| F|  |TAMS 0x00000000fd100000, 0x00000000fd100000| Untracked 
|  18|0x00000000fd200000, 0x00000000fd200000, 0x00000000fd300000|  0%| F|  |TAMS 0x00000000fd200000, 0x00000000fd200000| Untracked 
|  19|0x00000000fd300000, 0x00000000fd300000, 0x00000000fd400000|  0%| F|  |TAMS 0x00000000fd300000, 0x00000000fd300000| Untracked 
|  20|0x00000000fd400000, 0x00000000fd400000, 0x00000000fd500000|  0%| F|  |TAMS 0x00000000fd400000, 0x00000000fd400000| Untracked 
|  21|0x00000000fd500000, 0x00000000fd500000, 0x00000000fd600000|  0%| F|  |TAMS 0x00000000fd500000, 0x00000000fd500000| Untracked 
|  22|0x00000000fd600000, 0x00000000fd600000, 0x00000000fd700000|  0%| F|  |TAMS 0x00000000fd600000, 0x00000000fd600000| Untracked 
|  23|0x00000000fd700000, 0x00000000fd700000, 0x00000000fd800000|  0%| F|  |TAMS 0x00000000fd700000, 0x00000000fd700000| Untracked 
|  24|0x00000000fd800000, 0x00000000fd800000, 0x00000000fd900000|  0%| F|  |TAMS 0x00000000fd800000, 0x00000000fd800000| Untracked 
|  25|0x00000000fd900000, 0x00000000fd900000, 0x00000000fda00000|  0%| F|  |TAMS 0x00000000fd900000, 0x00000000fd900000| Untracked 
|  26|0x00000000fda00000, 0x00000000fda00000, 0x00000000fdb00000|  0%| F|  |TAMS 0x00000000fda00000, 0x00000000fda00000| Untracked 
|  27|0x00000000fdb00000, 0x00000000fdb00000, 0x00000000fdc00000|  0%| F|  |TAMS 0x00000000fdb00000, 0x00000000fdb00000| Untracked 
|  28|0x00000000fdc00000, 0x00000000fdc00000, 0x00000000fdd00000|  0%| F|  |TAMS 0x00000000fdc00000, 0x00000000fdc00000| Untracked 
|  29|0x00000000fdd00000, 0x00000000fde00000, 0x00000000fde00000|100%| S|CS|TAMS 0x00000000fdd00000, 0x00000000fdd00000| Complete 
|  30|0x00000000fde00000, 0x00000000fdf00000, 0x00000000fdf00000|100%| S|CS|TAMS 0x00000000fde00000, 0x00000000fde00000| Complete 
|  31|0x00000000fdf00000, 0x00000000fe000000, 0x00000000fe000000|100%| S|CS|TAMS 0x00000000fdf00000, 0x00000000fdf00000| Complete 
|  32|0x00000000fe000000, 0x00000000fe100000, 0x00000000fe100000|100%| S|CS|TAMS 0x00000000fe000000, 0x00000000fe000000| Complete 
|  33|0x00000000fe100000, 0x00000000fe100000, 0x00000000fe200000|  0%| F|  |TAMS 0x00000000fe100000, 0x00000000fe100000| Untracked 
|  34|0x00000000fe200000, 0x00000000fe200000, 0x00000000fe300000|  0%| F|  |TAMS 0x00000000fe200000, 0x00000000fe200000| Untracked 
|  35|0x00000000fe300000, 0x00000000fe300000, 0x00000000fe400000|  0%| F|  |TAMS 0x00000000fe300000, 0x00000000fe300000| Untracked 
|  36|0x00000000fe400000, 0x00000000fe400000, 0x00000000fe500000|  0%| F|  |TAMS 0x00000000fe400000, 0x00000000fe400000| Untracked 
|  37|0x00000000fe500000, 0x00000000fe500000, 0x00000000fe600000|  0%| F|  |TAMS 0x00000000fe500000, 0x00000000fe500000| Untracked 
|  38|0x00000000fe600000, 0x00000000fe600000, 0x00000000fe700000|  0%| F|  |TAMS 0x00000000fe600000, 0x00000000fe600000| Untracked 
|  39|0x00000000fe700000, 0x00000000fe700000, 0x00000000fe800000|  0%| F|  |TAMS 0x00000000fe700000, 0x00000000fe700000| Untracked 
|  40|0x00000000fe800000, 0x00000000fe800000, 0x00000000fe900000|  0%| F|  |TAMS 0x00000000fe800000, 0x00000000fe800000| Untracked 
|  41|0x00000000fe900000, 0x00000000fe900000, 0x00000000fea00000|  0%| F|  |TAMS 0x00000000fe900000, 0x00000000fe900000| Untracked 
|  42|0x00000000fea00000, 0x00000000fea00000, 0x00000000feb00000|  0%| F|  |TAMS 0x00000000fea00000, 0x00000000fea00000| Untracked 
|  43|0x00000000feb00000, 0x00000000feb00000, 0x00000000fec00000|  0%| F|  |TAMS 0x00000000feb00000, 0x00000000feb00000| Untracked 
|  44|0x00000000fec00000, 0x00000000fec00000, 0x00000000fed00000|  0%| F|  |TAMS 0x00000000fec00000, 0x00000000fec00000| Untracked 
|  45|0x00000000fed00000, 0x00000000fed00000, 0x00000000fee00000|  0%| F|  |TAMS 0x00000000fed00000, 0x00000000fed00000| Untracked 
|  46|0x00000000fee00000, 0x00000000fee00000, 0x00000000fef00000|  0%| F|  |TAMS 0x00000000fee00000, 0x00000000fee00000| Untracked 
|  47|0x00000000fef00000, 0x00000000fef00000, 0x00000000ff000000|  0%| F|  |TAMS 0x00000000fef00000, 0x00000000fef00000| Untracked 
|  48|0x00000000ff000000, 0x00000000ff000000, 0x00000000ff100000|  0%| F|  |TAMS 0x00000000ff000000, 0x00000000ff000000| Untracked 
|  49|0x00000000ff100000, 0x00000000ff100000, 0x00000000ff200000|  0%| F|  |TAMS 0x00000000ff100000, 0x00000000ff100000| Untracked 
|  50|0x00000000ff200000, 0x00000000ff200000, 0x00000000ff300000|  0%| F|  |TAMS 0x00000000ff200000, 0x00000000ff200000| Untracked 
|  51|0x00000000ff300000, 0x00000000ff300000, 0x00000000ff400000|  0%| F|  |TAMS 0x00000000ff300000, 0x00000000ff300000| Untracked 
|  52|0x00000000ff400000, 0x00000000ff400000, 0x00000000ff500000|  0%| F|  |TAMS 0x00000000ff400000, 0x00000000ff400000| Untracked 
|  53|0x00000000ff500000, 0x00000000ff500000, 0x00000000ff600000|  0%| F|  |TAMS 0x00000000ff500000, 0x00000000ff500000| Untracked 
|  54|0x00000000ff600000, 0x00000000ff600000, 0x00000000ff700000|  0%| F|  |TAMS 0x00000000ff600000, 0x00000000ff600000| Untracked 
|  55|0x00000000ff700000, 0x00000000ff700000, 0x00000000ff800000|  0%| F|  |TAMS 0x00000000ff700000, 0x00000000ff700000| Untracked 
|  56|0x00000000ff800000, 0x00000000ff900000, 0x00000000ff900000|100%| E|  |TAMS 0x00000000ff800000, 0x00000000ff800000| Complete 
|  57|0x00000000ff900000, 0x00000000ffa00000, 0x00000000ffa00000|100%| E|CS|TAMS 0x00000000ff900000, 0x00000000ff900000| Complete 
|  58|0x00000000ffa00000, 0x00000000ffb00000, 0x00000000ffb00000|100%| E|CS|TAMS 0x00000000ffa00000, 0x00000000ffa00000| Complete 
|  59|0x00000000ffb00000, 0x00000000ffc00000, 0x00000000ffc00000|100%| E|CS|TAMS 0x00000000ffb00000, 0x00000000ffb00000| Complete 
|  60|0x00000000ffc00000, 0x00000000ffd00000, 0x00000000ffd00000|100%| E|CS|TAMS 0x00000000ffc00000, 0x00000000ffc00000| Complete 
|  61|0x00000000ffd00000, 0x00000000ffe00000, 0x00000000ffe00000|100%| E|CS|TAMS 0x00000000ffd00000, 0x00000000ffd00000| Complete 
|  62|0x00000000ffe00000, 0x00000000fff00000, 0x00000000fff00000|100%| E|CS|TAMS 0x00000000ffe00000, 0x00000000ffe00000| Complete 
|  63|0x00000000fff00000, 0x0000000100000000, 0x0000000100000000|100%| E|CS|TAMS 0x00000000fff00000, 0x00000000fff00000| Complete 

Card table byte_map: [0x000002af81f20000,0x000002af81f40000] _byte_map_base: 0x000002af81740000

Marking Bits (Prev, Next): (CMBitMap*) 0x000002af81ff75e0, (CMBitMap*) 0x000002af81ff7620
 Prev Bits: [0x000002af98bc0000, 0x000002af98cc0000)
 Next Bits: [0x000002af98cc0000, 0x000002af98dc0000)

Polling page: 0x000002af817a0000

Metaspace:

Usage:
  Non-class:      7.95 MB used.
      Class:      1.24 MB used.
       Both:      9.19 MB used.

Virtual space:
  Non-class space:       64.00 MB reserved,       8.06 MB ( 13%) committed,  1 nodes.
      Class space:        1.00 GB reserved,       1.38 MB ( <1%) committed,  1 nodes.
             Both:        1.06 GB reserved,       9.44 MB ( <1%) committed. 

Chunk freelists:
   Non-Class:  7.66 MB
       Class:  14.48 MB
        Both:  22.14 MB

MaxMetaspaceSize: unlimited
CompressedClassSpaceSize: 1.00 GB
Initial GC threshold: 21.00 MB
Current GC threshold: 21.00 MB
CDS: on
MetaspaceReclaimPolicy: balanced
 - commit_granule_bytes: 65536.
 - commit_granule_words: 8192.
 - virtual_space_node_default_size: 8388608.
 - enlarge_chunks_in_place: 1.
 - new_chunks_are_fully_committed: 0.
 - uncommit_free_chunks: 1.
 - use_allocation_guard: 0.
 - handle_deallocations: 1.


Internal statistics:

num_allocs_failed_limit: 0.
num_arena_births: 72.
num_arena_deaths: 0.
num_vsnodes_births: 2.
num_vsnodes_deaths: 0.
num_space_committed: 151.
num_space_uncommitted: 0.
num_chunks_returned_to_freelist: 0.
num_chunks_taken_from_freelist: 337.
num_chunk_merges: 0.
num_chunk_splits: 224.
num_chunks_enlarged: 179.
num_inconsistent_stats: 0.

CodeHeap 'non-profiled nmethods': size=120000Kb used=641Kb max_used=641Kb free=119359Kb
 bounds [0x000002af91360000, 0x000002af915d0000, 0x000002af98890000]
CodeHeap 'profiled nmethods': size=120000Kb used=2973Kb max_used=2973Kb free=117026Kb
 bounds [0x000002af89890000, 0x000002af89b80000, 0x000002af90dc0000]
CodeHeap 'non-nmethods': size=5760Kb used=1169Kb max_used=1191Kb free=4590Kb
 bounds [0x000002af90dc0000, 0x000002af91030000, 0x000002af91360000]
 total_blobs=2073 nmethods=1608 adapters=378
 compilation: enabled
              stopped_count=0, restarted_count=0
 full_count=0

Compilation events (20 events):
Event: 30.842 Thread 0x000002af9b79a090 nmethod 1598 0x000002af913fd790 code [0x000002af913fd920, 0x000002af913fd9f8]
Event: 30.845 Thread 0x000002af9b79a090 1599       3       java.nio.HeapByteBuffer::ix (7 bytes)
Event: 30.845 Thread 0x000002af9b79a090 nmethod 1599 0x000002af89b75010 code [0x000002af89b751a0, 0x000002af89b752b8]
Event: 30.845 Thread 0x000002af9b79a090 1600       3       java.lang.AbstractStringBuilder::appendChars (130 bytes)
Event: 30.846 Thread 0x000002af9b79a090 nmethod 1600 0x000002af89b75390 code [0x000002af89b75580, 0x000002af89b75b08]
Event: 30.848 Thread 0x000002af9b79a090 1602       3       java.nio.CharBuffer::position (6 bytes)
Event: 30.848 Thread 0x000002af9b79a090 nmethod 1602 0x000002af89b75d90 code [0x000002af89b75f40, 0x000002af89b760e8]
Event: 30.848 Thread 0x000002af9b79a090 1603       3       java.nio.CharBuffer::position (8 bytes)
Event: 30.848 Thread 0x000002af9b79a090 nmethod 1603 0x000002af89b76190 code [0x000002af89b76320, 0x000002af89b76468]
Event: 30.849 Thread 0x000002af9b79a090 1604       1       java.nio.HeapByteBuffer::isReadOnly (2 bytes)
Event: 30.849 Thread 0x000002af9b79a090 nmethod 1604 0x000002af913fda90 code [0x000002af913fdc20, 0x000002af913fdcf8]
Event: 30.850 Thread 0x000002af9b79a090 1605       3       java.nio.ByteBuffer::position (6 bytes)
Event: 30.850 Thread 0x000002af9b79a090 nmethod 1605 0x000002af89b76510 code [0x000002af89b766c0, 0x000002af89b76888]
Event: 30.850 Thread 0x000002af9b79a090 1606       3       java.nio.ByteBuffer::limit (8 bytes)
Event: 30.850 Thread 0x000002af9b79a090 nmethod 1606 0x000002af89b76910 code [0x000002af89b76aa0, 0x000002af89b76be8]
Event: 30.850 Thread 0x000002af9b79a090 1607       3       java.nio.ByteBuffer::hasArray (20 bytes)
Event: 30.850 Thread 0x000002af9b79a090 nmethod 1607 0x000002af89b76c90 code [0x000002af89b76e20, 0x000002af89b76fd8]
Event: 30.850 Thread 0x000002af9b79a090 1608       3       java.nio.CharBuffer::hasArray (20 bytes)
Event: 30.850 Thread 0x000002af9b79a090 nmethod 1608 0x000002af89b77090 code [0x000002af89b77220, 0x000002af89b773d8]
Event: 30.855 Thread 0x000002af9b79a090 1611   !   3       java.nio.charset.CharsetDecoder::decode (275 bytes)

GC Heap History (4 events):
Event: 0.678 GC heap before
{Heap before GC invocations=0 (full 0):
 garbage-first heap   total 65536K, used 22528K [0x00000000fc000000, 0x0000000100000000)
  region size 1024K, 23 young (23552K), 0 survivors (0K)
 Metaspace       used 1823K, committed 1920K, reserved 1114112K
  class space    used 159K, committed 192K, reserved 1048576K
}
Event: 0.684 GC heap after
{Heap after GC invocations=1 (full 0):
 garbage-first heap   total 65536K, used 3848K [0x00000000fc000000, 0x0000000100000000)
  region size 1024K, 3 young (3072K), 3 survivors (3072K)
 Metaspace       used 1823K, committed 1920K, reserved 1114112K
  class space    used 159K, committed 192K, reserved 1048576K
}
Event: 4.055 GC heap before
{Heap before GC invocations=1 (full 0):
 garbage-first heap   total 65536K, used 35592K [0x00000000fc000000, 0x0000000100000000)
  region size 1024K, 31 young (31744K), 3 survivors (3072K)
 Metaspace       used 7941K, committed 8128K, reserved 1114112K
  class space    used 1094K, committed 1216K, reserved 1048576K
}
Event: 4.060 GC heap after
{Heap after GC invocations=2 (full 0):
 garbage-first heap   total 65536K, used 12026K [0x00000000fc000000, 0x0000000100000000)
  region size 1024K, 4 young (4096K), 4 survivors (4096K)
 Metaspace       used 7941K, committed 8128K, reserved 1114112K
  class space    used 1094K, committed 1216K, reserved 1048576K
}

Deoptimization events (20 events):
Event: 4.052 Thread 0x000002af81fd5750 Uncommon trap: trap_request=0xffffff45 fr.pc=0x000002af9139ed24 relative=0x0000000000000664
Event: 4.052 Thread 0x000002af81fd5750 Uncommon trap: reason=unstable_if action=reinterpret pc=0x000002af9139ed24 method=java.lang.AbstractStringBuilder.append(Ljava/lang/String;)Ljava/lang/AbstractStringBuilder; @ 1 c2
Event: 4.052 Thread 0x000002af81fd5750 DEOPT PACKING pc=0x000002af9139ed24 sp=0x000000c5e58fd0a0
Event: 4.052 Thread 0x000002af81fd5750 DEOPT UNPACKING pc=0x000002af90e123a3 sp=0x000000c5e58fd020 mode 2
Event: 4.054 Thread 0x000002af81fd5750 Uncommon trap: trap_request=0xffffff45 fr.pc=0x000002af913a88a4 relative=0x0000000000000664
Event: 4.054 Thread 0x000002af81fd5750 Uncommon trap: reason=unstable_if action=reinterpret pc=0x000002af913a88a4 method=java.lang.AbstractStringBuilder.append(Ljava/lang/String;)Ljava/lang/AbstractStringBuilder; @ 1 c2
Event: 4.054 Thread 0x000002af81fd5750 DEOPT PACKING pc=0x000002af913a88a4 sp=0x000000c5e58fd090
Event: 4.054 Thread 0x000002af81fd5750 DEOPT UNPACKING pc=0x000002af90e123a3 sp=0x000000c5e58fd078 mode 2
Event: 4.100 Thread 0x000002af81fd5750 Uncommon trap: trap_request=0xffffffde fr.pc=0x000002af91393a7c relative=0x000000000000007c
Event: 4.100 Thread 0x000002af81fd5750 Uncommon trap: reason=class_check action=maybe_recompile pc=0x000002af91393a7c method=java.util.AbstractList$Itr.hasNext()Z @ 8 c2
Event: 4.100 Thread 0x000002af81fd5750 DEOPT PACKING pc=0x000002af91393a7c sp=0x000000c5e58fca50
Event: 4.100 Thread 0x000002af81fd5750 DEOPT UNPACKING pc=0x000002af90e123a3 sp=0x000000c5e58fc9e8 mode 2
Event: 4.159 Thread 0x000002af81fd5750 Uncommon trap: trap_request=0xffffffde fr.pc=0x000002af91393a7c relative=0x000000000000007c
Event: 4.159 Thread 0x000002af81fd5750 Uncommon trap: reason=class_check action=maybe_recompile pc=0x000002af91393a7c method=java.util.AbstractList$Itr.hasNext()Z @ 8 c2
Event: 4.159 Thread 0x000002af81fd5750 DEOPT PACKING pc=0x000002af91393a7c sp=0x000000c5e58fc1f0
Event: 4.159 Thread 0x000002af81fd5750 DEOPT UNPACKING pc=0x000002af90e123a3 sp=0x000000c5e58fc188 mode 2
Event: 4.193 Thread 0x000002af81fd5750 Uncommon trap: trap_request=0xffffffde fr.pc=0x000002af91393a7c relative=0x000000000000007c
Event: 4.193 Thread 0x000002af81fd5750 Uncommon trap: reason=class_check action=maybe_recompile pc=0x000002af91393a7c method=java.util.AbstractList$Itr.hasNext()Z @ 8 c2
Event: 4.193 Thread 0x000002af81fd5750 DEOPT PACKING pc=0x000002af91393a7c sp=0x000000c5e58fd220
Event: 4.193 Thread 0x000002af81fd5750 DEOPT UNPACKING pc=0x000002af90e123a3 sp=0x000000c5e58fd1b8 mode 2

Classes unloaded (0 events):
No events

Classes redefined (0 events):
No events

Internal exceptions (20 events):
Event: 1.197 Thread 0x000002af81fd5750 Exception <a 'java/lang/NoSuchMethodError'{0x00000000ff47be10}: 'java.lang.Object java.lang.invoke.DirectMethodHandle$Holder.invokeStaticInit(java.lang.Object)'> (0x00000000ff47be10) 
thrown [s\open\src\hotspot\share\interpreter\linkResolver.cpp, line 759]
Event: 1.219 Thread 0x000002af81fd5750 Exception <a 'java/lang/NoSuchMethodError'{0x00000000ff496d30}: 'int java.lang.invoke.DirectMethodHandle$Holder.invokeSpecial(java.lang.Object, java.lang.Object, java.lang.Object)'> (0x00000000ff496d30) 
thrown [s\open\src\hotspot\share\interpreter\linkResolver.cpp, line 759]
Event: 1.230 Thread 0x000002af81fd5750 Exception <a 'java/lang/NoSuchMethodError'{0x00000000ff4d2af0}: 'void java.lang.invoke.DirectMethodHandle$Holder.invokeStatic(java.lang.Object, java.lang.Object)'> (0x00000000ff4d2af0) 
thrown [s\open\src\hotspot\share\interpreter\linkResolver.cpp, line 759]
Event: 1.233 Thread 0x000002af81fd5750 Implicit null exception at 0x000002af913bce0f to 0x000002af913bd370
Event: 1.233 Thread 0x000002af81fd5750 Implicit null exception at 0x000002af913b6c8f to 0x000002af913b71fc
Event: 1.264 Thread 0x000002af81fd5750 Exception <a 'java/lang/NoClassDefFoundError'{0x00000000ff351988}: org/slf4j/impl/StaticMarkerBinder> (0x00000000ff351988) 
thrown [s\open\src\hotspot\share\classfile\systemDictionary.cpp, line 245]
Event: 1.291 Thread 0x000002af81fd5750 Exception <a 'java/lang/NoSuchMethodError'{0x00000000ff3ff068}: 'java.lang.Object java.lang.invoke.Invokers$Holder.invoker(java.lang.Object, java.lang.Object, java.lang.Object)'> (0x00000000ff3ff068) 
thrown [s\open\src\hotspot\share\interpreter\linkResolver.cpp, line 759]
Event: 1.293 Thread 0x000002af81fd5750 Exception <a 'java/lang/NoSuchMethodError'{0x00000000ff208748}: 'java.lang.Object java.lang.invoke.DirectMethodHandle$Holder.invokeStatic(java.lang.Object, java.lang.Object, int)'> (0x00000000ff208748) 
thrown [s\open\src\hotspot\share\interpreter\linkResolver.cpp, line 759]
Event: 1.295 Thread 0x000002af81fd5750 Exception <a 'java/lang/NoSuchMethodError'{0x00000000ff214438}: 'void java.lang.invoke.DelegatingMethodHandle$Holder.delegate(java.lang.Object, java.lang.Object, int, java.lang.Object)'> (0x00000000ff214438) 
thrown [s\open\src\hotspot\share\interpreter\linkResolver.cpp, line 759]
Event: 1.299 Thread 0x000002af81fd5750 Exception <a 'java/lang/NoSuchMethodError'{0x00000000ff227a80}: 'java.lang.Object java.lang.invoke.Invokers$Holder.invokeExact_MT(java.lang.Object, java.lang.Object, java.lang.Object, java.lang.Object)'> (0x00000000ff227a80) 
thrown [s\open\src\hotspot\share\interpreter\linkResolver.cpp, line 759]
Event: 1.306 Thread 0x000002af81fd5750 Exception <a 'java/lang/NoSuchMethodError'{0x00000000ff24bdb8}: 'java.lang.Object java.lang.invoke.DirectMethodHandle$Holder.invokeVirtual(java.lang.Object, java.lang.Object, java.lang.Object)'> (0x00000000ff24bdb8) 
thrown [s\open\src\hotspot\share\interpreter\linkResolver.cpp, line 759]
Event: 1.466 Thread 0x000002af81fd5750 Exception <a 'java/lang/NoSuchMethodError'{0x00000000feedd3e0}: 'java.lang.Object java.lang.invoke.DirectMethodHandle$Holder.newInvokeSpecial(java.lang.Object, java.lang.Object, java.lang.Object, java.lang.Object, java.lang.Object)'> (0x00000000feedd3e0) 
thrown [s\open\src\hotspot\share\interpreter\linkResolver.cpp, line 759]
Event: 1.498 Thread 0x000002af81fd5750 Exception <a 'java/lang/NoSuchMethodError'{0x00000000fedffd60}: 'void java.lang.invoke.DirectMethodHandle$Holder.invokeSpecial(java.lang.Object, java.lang.Object, java.lang.Object)'> (0x00000000fedffd60) 
thrown [s\open\src\hotspot\share\interpreter\linkResolver.cpp, line 759]
Event: 2.268 Thread 0x000002af81fd5750 Exception <a 'java/lang/NoSuchMethodError'{0x00000000fe403e98}: 'java.lang.Object java.lang.invoke.DirectMethodHandle$Holder.invokeSpecialIFC(java.lang.Object, java.lang.Object, java.lang.Object, java.lang.Object)'> (0x00000000fe403e98) 
thrown [s\open\src\hotspot\share\interpreter\linkResolver.cpp, line 759]
Event: 2.864 Thread 0x000002af81fd5750 Exception <a 'java/lang/NoSuchMethodError'{0x00000000fe29d508}: 'java.lang.Object java.lang.invoke.DirectMethodHandle$Holder.invokeStaticInit(java.lang.Object, int, int, int, int)'> (0x00000000fe29d508) 
thrown [s\open\src\hotspot\share\interpreter\linkResolver.cpp, line 759]
Event: 3.848 Thread 0x000002af81fd5750 Exception <a 'java/lang/NoSuchMethodError'{0x00000000fe2e4d38}: 'java.lang.Object java.lang.invoke.DirectMethodHandle$Holder.invokeStaticInit(java.lang.Object, java.lang.Object, int, int, int, int)'> (0x00000000fe2e4d38) 
thrown [s\open\src\hotspot\share\interpreter\linkResolver.cpp, line 759]
Event: 4.020 Thread 0x000002af81fd5750 Exception <a 'java/lang/NoSuchMethodError'{0x00000000fe111590}: 'void java.lang.invoke.DirectMethodHandle$Holder.invokeStatic(java.lang.Object, java.lang.Object, java.lang.Object)'> (0x00000000fe111590) 
thrown [s\open\src\hotspot\share\interpreter\linkResolver.cpp, line 759]
Event: 4.052 Thread 0x000002af81fd5750 Implicit null exception at 0x000002af9139e6f2 to 0x000002af9139ed0c
Event: 4.054 Thread 0x000002af81fd5750 Implicit null exception at 0x000002af913a8272 to 0x000002af913a888c
Event: 30.819 Thread 0x000002af81fd5750 Exception <a 'sun/net/ConnectionResetException'{0x00000000ffdc03f8}: Connection reset> (0x00000000ffdc03f8) 
thrown [s\open\src\hotspot\share\prims\jni.cpp, line 535]

VM Operations (20 events):
Event: 14.528 Executing VM operation: Cleanup
Event: 14.528 Executing VM operation: Cleanup done
Event: 15.528 Executing VM operation: Cleanup
Event: 15.528 Executing VM operation: Cleanup done
Event: 17.545 Executing VM operation: Cleanup
Event: 17.545 Executing VM operation: Cleanup done
Event: 19.556 Executing VM operation: Cleanup
Event: 19.556 Executing VM operation: Cleanup done
Event: 22.573 Executing VM operation: Cleanup
Event: 22.574 Executing VM operation: Cleanup done
Event: 23.576 Executing VM operation: Cleanup
Event: 23.576 Executing VM operation: Cleanup done
Event: 24.577 Executing VM operation: Cleanup
Event: 24.577 Executing VM operation: Cleanup done
Event: 26.591 Executing VM operation: Cleanup
Event: 26.591 Executing VM operation: Cleanup done
Event: 27.605 Executing VM operation: Cleanup
Event: 27.605 Executing VM operation: Cleanup done
Event: 29.609 Executing VM operation: Cleanup
Event: 29.609 Executing VM operation: Cleanup done

Events (20 events):
Event: 30.825 loading class java/nio/file/FileChannelLinesSpliterator
Event: 30.825 loading class java/nio/file/FileChannelLinesSpliterator done
Event: 30.825 loading class sun/nio/fs/WindowsSecurityDescriptor
Event: 30.826 loading class sun/nio/fs/WindowsSecurityDescriptor done
Event: 30.826 loading class sun/nio/fs/WindowsChannelFactory
Event: 30.826 loading class sun/nio/fs/WindowsChannelFactory done
Event: 30.827 loading class sun/nio/fs/WindowsChannelFactory$1
Event: 30.827 loading class sun/nio/fs/WindowsChannelFactory$1 done
Event: 30.827 loading class sun/nio/fs/WindowsChannelFactory$Flags
Event: 30.827 loading class sun/nio/fs/WindowsChannelFactory$Flags done
Event: 30.827 loading class sun/nio/fs/WindowsChannelFactory$2
Event: 30.827 loading class sun/nio/fs/WindowsChannelFactory$2 done
Event: 30.828 loading class sun/nio/ch/FileChannelImpl$Closer
Event: 30.828 loading class sun/nio/ch/FileChannelImpl$Closer done
Event: 30.829 loading class java/util/stream/Streams$1
Event: 30.830 loading class java/util/stream/Streams$1 done
Event: 30.834 loading class java/nio/file/FileChannelLinesSpliterator$1
Event: 30.835 loading class java/nio/file/FileChannelLinesSpliterator$1 done
Event: 30.835 loading class java/nio/channels/Channels
Event: 30.835 loading class java/nio/channels/Channels done


Dynamic libraries:
0x00007ff63a5a0000 - 0x00007ff63a5b0000 	C:\Program Files\Java\jdk-17\bin\java.exe
0x00007ff950910000 - 0x00007ff950b27000 	C:\Windows\SYSTEM32\ntdll.dll
0x00007ff94f320000 - 0x00007ff94f3e4000 	C:\Windows\System32\KERNEL32.DLL
0x00007ff94dcf0000 - 0x00007ff94e0a7000 	C:\Windows\System32\KERNELBASE.dll
0x00007ff94e400000 - 0x00007ff94e511000 	C:\Windows\System32\ucrtbase.dll
0x00007ff939d30000 - 0x00007ff939d49000 	C:\Program Files\Java\jdk-17\bin\jli.dll
0x00007ff950010000 - 0x00007ff9500c2000 	C:\Windows\System32\ADVAPI32.dll
0x00007ff934b40000 - 0x00007ff934b5b000 	C:\Program Files\Java\jdk-17\bin\VCRUNTIME140.dll
0x00007ff94e800000 - 0x00007ff94e8a7000 	C:\Windows\System32\msvcrt.dll
0x00007ff9500d0000 - 0x00007ff950178000 	C:\Windows\System32\sechost.dll
0x00007ff94dc90000 - 0x00007ff94dcb8000 	C:\Windows\System32\bcrypt.dll
0x00007ff94fbc0000 - 0x00007ff94fcd4000 	C:\Windows\System32\RPCRT4.dll
0x00007ff94e8b0000 - 0x00007ff94ea5f000 	C:\Windows\System32\USER32.dll
0x00007ff94dcc0000 - 0x00007ff94dce6000 	C:\Windows\System32\win32u.dll
0x00007ff931340000 - 0x00007ff9315d3000 	C:\Windows\WinSxS\amd64_microsoft.windows.common-controls_6595b64144ccf1df_6.0.22621.3672_none_2713b9d173822955\COMCTL32.dll
0x00007ff9501b0000 - 0x00007ff9501d9000 	C:\Windows\System32\GDI32.dll
0x00007ff94e520000 - 0x00007ff94e638000 	C:\Windows\System32\gdi32full.dll
0x00007ff94e1f0000 - 0x00007ff94e28a000 	C:\Windows\System32\msvcp_win.dll
0x00007ff945870000 - 0x00007ff94587a000 	C:\Windows\SYSTEM32\VERSION.dll
0x00007ff94f680000 - 0x00007ff94f6b1000 	C:\Windows\System32\IMM32.DLL
0x00007ff947190000 - 0x00007ff94719c000 	C:\Program Files\Java\jdk-17\bin\vcruntime140_1.dll
0x00007ff934ab0000 - 0x00007ff934b3e000 	C:\Program Files\Java\jdk-17\bin\msvcp140.dll
0x00007ff8aec10000 - 0x00007ff8af7f0000 	C:\Program Files\Java\jdk-17\bin\server\jvm.dll
0x00007ff939d20000 - 0x00007ff939d29000 	C:\Windows\SYSTEM32\WSOCK32.dll
0x00007ff946450000 - 0x00007ff946484000 	C:\Windows\SYSTEM32\WINMM.dll
0x00007ff94f7c0000 - 0x00007ff94f7c8000 	C:\Windows\System32\PSAPI.DLL
0x00007ff94f600000 - 0x00007ff94f671000 	C:\Windows\System32\WS2_32.dll
0x00007ff94cc30000 - 0x00007ff94cc48000 	C:\Windows\SYSTEM32\kernel.appcore.dll
0x00007ff934aa0000 - 0x00007ff934aaa000 	C:\Program Files\Java\jdk-17\bin\jimage.dll
0x00007ff940760000 - 0x00007ff940992000 	C:\Windows\SYSTEM32\DBGHELP.DLL
0x00007ff94f830000 - 0x00007ff94fbbe000 	C:\Windows\System32\combase.dll
0x00007ff9507f0000 - 0x00007ff9508c7000 	C:\Windows\System32\OLEAUT32.dll
0x00007ff93f900000 - 0x00007ff93f932000 	C:\Windows\SYSTEM32\dbgcore.DLL
0x00007ff94e170000 - 0x00007ff94e1eb000 	C:\Windows\System32\bcryptPrimitives.dll
0x00007ff934a10000 - 0x00007ff934a35000 	C:\Program Files\Java\jdk-17\bin\java.dll
0x00007ff8eb220000 - 0x00007ff8eb2f7000 	C:\Program Files\Java\jdk-17\bin\jsvml.dll
0x00007ff94ea60000 - 0x00007ff94f2c9000 	C:\Windows\System32\SHELL32.dll
0x00007ff94baf0000 - 0x00007ff94c3ef000 	C:\Windows\SYSTEM32\windows.storage.dll
0x00007ff94b9b0000 - 0x00007ff94baef000 	C:\Windows\SYSTEM32\wintypes.dll
0x00007ff94f6c0000 - 0x00007ff94f7b9000 	C:\Windows\System32\SHCORE.dll
0x00007ff94f5a0000 - 0x00007ff94f5fe000 	C:\Windows\System32\shlwapi.dll
0x00007ff94db50000 - 0x00007ff94db77000 	C:\Windows\SYSTEM32\profapi.dll
0x00007ff934860000 - 0x00007ff934879000 	C:\Program Files\Java\jdk-17\bin\net.dll
0x00007ff949d30000 - 0x00007ff949e66000 	C:\Windows\SYSTEM32\WINHTTP.dll
0x00007ff94d090000 - 0x00007ff94d0f9000 	C:\Windows\system32\mswsock.dll
0x00007ff91ba70000 - 0x00007ff91ba86000 	C:\Program Files\Java\jdk-17\bin\nio.dll
0x00007ff91ba50000 - 0x00007ff91ba68000 	C:\Program Files\Java\jdk-17\bin\zip.dll
0x00007ff934a90000 - 0x00007ff934aa0000 	C:\Program Files\Java\jdk-17\bin\verify.dll
0x00007ff92e960000 - 0x00007ff92e96a000 	C:\Program Files\Java\jdk-17\bin\management.dll
0x00007ff92e4c0000 - 0x00007ff92e4cb000 	C:\Program Files\Java\jdk-17\bin\management_ext.dll
0x00007ff945b80000 - 0x00007ff945ba7000 	C:\Users\LT053\.gradle\native\1def1411415f61bf3af743bc5b6707747c0891f09f0c88961ee8f79bc544acac\windows-amd64\native-platform.dll
0x00007ff9471e0000 - 0x00007ff9471ea000 	C:\Users\LT053\.gradle\native\jansi\1.18\windows64\jansi.dll
0x00007ff94d3e0000 - 0x00007ff94d3fb000 	C:\Windows\SYSTEM32\CRYPTSP.dll
0x00007ff94cb90000 - 0x00007ff94cbc5000 	C:\Windows\system32\rsaenh.dll
0x00007ff94d130000 - 0x00007ff94d158000 	C:\Windows\SYSTEM32\USERENV.dll
0x00007ff94d3c0000 - 0x00007ff94d3cc000 	C:\Windows\SYSTEM32\CRYPTBASE.dll
0x00007ff94c6a0000 - 0x00007ff94c6cd000 	C:\Windows\SYSTEM32\IPHLPAPI.DLL
0x00007ff94fe40000 - 0x00007ff94fe49000 	C:\Windows\System32\NSI.dll
0x00007ff949560000 - 0x00007ff949579000 	C:\Windows\SYSTEM32\dhcpcsvc6.DLL
0x00007ff949540000 - 0x00007ff94955f000 	C:\Windows\SYSTEM32\dhcpcsvc.DLL
0x00007ff94c710000 - 0x00007ff94c812000 	C:\Windows\SYSTEM32\DNSAPI.dll
0x00007ff925580000 - 0x00007ff92558e000 	C:\Program Files\Java\jdk-17\bin\sunmscapi.dll
0x00007ff94e290000 - 0x00007ff94e3f6000 	C:\Windows\System32\CRYPT32.dll
0x00007ff94d5e0000 - 0x00007ff94d60d000 	C:\Windows\SYSTEM32\ncrypt.dll
0x00007ff94d5a0000 - 0x00007ff94d5d7000 	C:\Windows\SYSTEM32\NTASN1.dll
0x00007ff8e1ec0000 - 0x00007ff8e1ec8000 	C:\Windows\system32\wshunix.dll

dbghelp: loaded successfully - version: 4.0.5 - missing functions: none
symbol engine: initialized successfully - sym options: 0x614 - pdb path: .;C:\Program Files\Java\jdk-17\bin;C:\Windows\SYSTEM32;C:\Windows\WinSxS\amd64_microsoft.windows.common-controls_6595b64144ccf1df_6.0.22621.3672_none_2713b9d173822955;C:\Program Files\Java\jdk-17\bin\server;C:\Users\LT053\.gradle\native\1def1411415f61bf3af743bc5b6707747c0891f09f0c88961ee8f79bc544acac\windows-amd64;C:\Users\LT053\.gradle\native\jansi\1.18\windows64

VM Arguments:
jvm_args: -Xmx64m -Xms64m -Dorg.gradle.appname=gradlew 
java_command: org.gradle.wrapper.GradleWrapperMain app:installDebug -PreactNativeDevServerPort=8081
java_class_path (initial): C:\Users\LT053\Desktop\MyApp\MyApp\android\\gradle\wrapper\gradle-wrapper.jar
Launcher Type: SUN_STANDARD

[Global flags]
     intx CICompilerCount                          = 4                                         {product} {ergonomic}
     uint ConcGCThreads                            = 2                                         {product} {ergonomic}
     uint G1ConcRefinementThreads                  = 8                                         {product} {ergonomic}
   size_t G1HeapRegionSize                         = 1048576                                   {product} {ergonomic}
    uintx GCDrainStackTargetSize                   = 64                                        {product} {ergonomic}
   size_t InitialHeapSize                          = 67108864                                  {product} {command line}
   size_t MarkStackSize                            = 4194304                                   {product} {ergonomic}
   size_t MaxHeapSize                              = 67108864                                  {product} {command line}
   size_t MaxNewSize                               = 39845888                                  {product} {ergonomic}
   size_t MinHeapDeltaBytes                        = 1048576                                   {product} {ergonomic}
   size_t MinHeapSize                              = 67108864                                  {product} {command line}
    uintx NonNMethodCodeHeapSize                   = 5839372                                {pd product} {ergonomic}
    uintx NonProfiledCodeHeapSize                  = 122909434                              {pd product} {ergonomic}
    uintx ProfiledCodeHeapSize                     = 122909434                              {pd product} {ergonomic}
    uintx ReservedCodeCacheSize                    = 251658240                              {pd product} {ergonomic}
     bool SegmentedCodeCache                       = true                                      {product} {ergonomic}
   size_t SoftMaxHeapSize                          = 67108864                               {manageable} {ergonomic}
     bool UseCompressedClassPointers               = true                           {product lp64_product} {ergonomic}
     bool UseCompressedOops                        = true                           {product lp64_product} {ergonomic}
     bool UseG1GC                                  = true                                      {product} {ergonomic}
     bool UseLargePagesIndividualAllocation        = false                                  {pd product} {ergonomic}

Logging:
Log output configuration:
 #0: stdout all=warning uptime,level,tags
 #1: stderr all=off uptime,level,tags

Environment Variables:
JAVA_HOME=C:\Program Files\Java\jdk-17
CLASSPATH=C:\Users\LT053\Desktop\MyApp\MyApp\android\\gradle\wrapper\gradle-wrapper.jar
PATH=C:\Users\LT053\Desktop\MyApp\MyApp\node_modules\.bin;C:\Users\LT053\Desktop\MyApp\MyApp\node_modules\.bin;C:\Users\LT053\Desktop\MyApp\node_modules\.bin;C:\Users\LT053\Desktop\node_modules\.bin;C:\Users\LT053\node_modules\.bin;C:\Users\node_modules\.bin;C:\node_modules\.bin;C:\Users\LT053\AppData\Roaming\npm\node_modules\npm\node_modules\@npmcli\run-script\lib\node-gyp-bin;C:\Program Files\Java\jdk-17\bin;C:\Program Files\nodejs\;C:\Windows;C:\Windows\System32\Wbem;C:\Windows\System32\WindowsPowerShell\v1.0\;C:\Windows\System32\OpenSSH\;C:\Program Files\dotnet\;C:\ProgramData\chocolatey\bin;C:\Windows\System32;C:\Program Files\Java\jdk-23\bin;C:\Users\LT053\AppData\Local\Android\Sdk;C:\Users\LT053\AppData\Local\Android\Sdk\platform-tools;C:\Users\LT053\AppData\Local\Android\Sdk\emulator;C:\Users\LT053\AppData\Local\Android\Sdk\build-tools;C:\Users\LT053\AppData\Local\Microsoft\WindowsApps;C:\Users\LT053\AppData\Roaming\npm;C:\Users\LT053\AppData\Local\Programs\Git\cmd;C:\Users\LT053\AppData\Local\Android\Sdk\platform-tools;C:\Users\LT053\AppData\Local\Android\Sdk\platform-tools;C:\Users\LT053\AppData\Local\Programs\cursor\resources\app\bin
USERNAME=LT053
LANG=en_US.UTF-8
OS=Windows_NT
PROCESSOR_IDENTIFIER=Intel64 Family 6 Model 142 Stepping 12, GenuineIntel



---------------  S Y S T E M  ---------------

OS:
 Windows 11 , 64 bit Build 22621 (10.0.22621.3958)
OS uptime: 3 days 5:26 hours
Hyper-V role detected

CPU: total 8 (initial active 8) (4 cores per cpu, 2 threads per core) family 6 model 142 stepping 12 microcode 0xfe, cx8, cmov, fxsr, ht, mmx, 3dnowpref, sse, sse2, sse3, ssse3, sse4.1, sse4.2, popcnt, lzcnt, tsc, tscinvbit, avx, avx2, aes, erms, clmul, bmi1, bmi2, adx, fma, vzeroupper, clflush, clflushopt, hv

Memory: 4k page, system-wide physical 7952M (1326M free)
TotalPageFile size 22974M (AvailPageFile size 2M)
current process WorkingSet (physical memory assigned to process): 98M, peak: 103M
current process commit charge ("private bytes"): 165M, peak: 166M

vm_info: Java HotSpot(TM) 64-Bit Server VM (17.0.12+8-LTS-286) for windows-amd64 JRE (17.0.12+8-LTS-286), built on Jun  5 2024 06:46:59 by "mach5one" with MS VC++ 17.6 (VS2022)

END.
