#
# There is insufficient memory for the Java Runtime Environment to continue.
# Native memory allocation (mmap) failed to map 67108864 bytes for G1 virtual space
# Possible reasons:
#   The system is out of physical RAM or swap space
#   The process is running with CompressedOops enabled, and the Java Heap may be blocking the growth of the native heap
# Possible solutions:
#   Reduce memory load on the system
#   Increase physical memory or swap space
#   Check if swap backing store is full
#   Decrease Java heap size (-Xmx/-Xms)
#   Decrease number of Java threads
#   Decrease Java thread stack sizes (-Xss)
#   Set larger code cache with -XX:ReservedCodeCacheSize=
#   JVM is running with Unscaled Compressed Oops mode in which the Java heap is
#     placed in the first 4GB address space. The Java Heap base address is the
#     maximum limit for the native heap growth. Please use -XX:HeapBaseMinAddress
#     to set the Java Heap base and to place the Java Heap above 4GB virtual address.
# This output file may be truncated or incomplete.
#
#  Out of Memory Error (os_windows.cpp:3548), pid=11300, tid=4628
#
# JRE version:  (17.0.12+8) (build )
# Java VM: Java HotSpot(TM) 64-Bit Server VM (17.0.12+8-LTS-286, mixed mode, sharing, tiered, compressed oops, compressed class ptrs, g1 gc, windows-amd64)
# No core dump will be written. Minidumps are not enabled by default on client versions of Windows
#

---------------  S U M M A R Y ------------

Command Line: -Xmx64m -Xms64m -Dorg.gradle.appname=gradlew org.gradle.wrapper.GradleWrapperMain app:installDebug -PreactNativeDevServerPort=8081

Host: Intel(R) Core(TM) i5-10210U CPU @ 1.60GHz, 8 cores, 7G,  Windows 11 , 64 bit Build 22621 (10.0.22621.3958)
Time: Mon Apr  7 17:35:37 2025 India Standard Time elapsed time: 0.029233 seconds (0d 0h 0m 0s)

---------------  T H R E A D  ---------------

Current thread (0x0000017ff8394cc0):  JavaThread "Unknown thread" [_thread_in_vm, id=4628, stack(0x0000006ffef00000,0x0000006fff000000)]

Stack: [0x0000006ffef00000,0x0000006fff000000]
Native frames: (J=compiled Java code, j=interpreted, Vv=VM code, C=native code)
V  [jvm.dll+0x67a04a]
V  [jvm.dll+0x7da4ed]
V  [jvm.dll+0x7dbe33]
V  [jvm.dll+0x7dc4a3]
V  [jvm.dll+0x24508f]
V  [jvm.dll+0x677089]
V  [jvm.dll+0x66bd32]
V  [jvm.dll+0x301fa6]
V  [jvm.dll+0x309546]
V  [jvm.dll+0x359d2e]
V  [jvm.dll+0x359f5f]
V  [jvm.dll+0x2d9078]
V  [jvm.dll+0x2d9fe4]
V  [jvm.dll+0x7aca21]
V  [jvm.dll+0x367591]
V  [jvm.dll+0x78b999]
V  [jvm.dll+0x3ec83f]
V  [jvm.dll+0x3ee471]
C  [jli.dll+0x5297]
C  [ucrtbase.dll+0x29333]
C  [KERNEL32.DLL+0x1257d]
C  [ntdll.dll+0x5af08]


---------------  P R O C E S S  ---------------

Threads class SMR info:
_java_thread_list=0x00007ff8af6c7a18, length=0, elements={
}

Java Threads: ( => current thread )

Other Threads:
  0x0000017ff83b6530 GCTaskThread "GC Thread#0" [stack: 0x0000006fff000000,0x0000006fff100000] [id=9340]
  0x0000017ff83b7c80 ConcurrentGCThread "G1 Main Marker" [stack: 0x0000006fff100000,0x0000006fff200000] [id=6304]
  0x0000017ff83b8e30 ConcurrentGCThread "G1 Conc#0" [stack: 0x0000006fff200000,0x0000006fff300000] [id=11052]

[error occurred during error reporting (printing all threads), id 0xc0000005, EXCEPTION_ACCESS_VIOLATION (0xc0000005) at pc=0x00007ff8aeef9b67]

VM state: not at safepoint (not fully initialized)

VM Mutex/Monitor currently owned by a thread:  ([mutex/lock_event])
[0x0000017ff8390af0] Heap_lock - owner thread: 0x0000017ff8394cc0

Heap address: 0x00000000fc000000, size: 64 MB, Compressed Oops mode: 32-bit

CDS archive(s) mapped at: [0x0000000000000000-0x0000000000000000-0x0000000000000000), size 0, SharedBaseAddress: 0x0000000800000000, ArchiveRelocationMode: 1.
Narrow klass base: 0x0000000000000000, Narrow klass shift: 0, Narrow klass range: 0x0

GC Precious Log:
<Empty>

Heap:
 garbage-first heap   total 0K, used 0K [0x00000000fc000000, 0x0000000100000000)
  region size 1024K, 0 young (0K), 0 survivors (0K)

[error occurred during error reporting (printing heap information), id 0xc0000005, EXCEPTION_ACCESS_VIOLATION (0xc0000005) at pc=0x00007ff8af2e3859]

GC Heap History (0 events):
No events

Deoptimization events (0 events):
No events

Classes unloaded (0 events):
No events

Classes redefined (0 events):
No events

Internal exceptions (0 events):
No events

VM Operations (0 events):
No events

Events (1 events):
Event: 0.018 Loaded shared library C:\Program Files\Java\jdk-17\bin\java.dll


Dynamic libraries:
0x00007ff63a5a0000 - 0x00007ff63a5b0000 	C:\Program Files\Java\jdk-17\bin\java.exe
0x00007ff950910000 - 0x00007ff950b27000 	C:\Windows\SYSTEM32\ntdll.dll
0x00007ff94f320000 - 0x00007ff94f3e4000 	C:\Windows\System32\KERNEL32.DLL
0x00007ff94dcf0000 - 0x00007ff94e0a7000 	C:\Windows\System32\KERNELBASE.dll
0x00007ff94e400000 - 0x00007ff94e511000 	C:\Windows\System32\ucrtbase.dll
0x00007ff934b40000 - 0x00007ff934b5b000 	C:\Program Files\Java\jdk-17\bin\VCRUNTIME140.dll
0x00007ff939d30000 - 0x00007ff939d49000 	C:\Program Files\Java\jdk-17\bin\jli.dll
0x00007ff950010000 - 0x00007ff9500c2000 	C:\Windows\System32\ADVAPI32.dll
0x00007ff94e800000 - 0x00007ff94e8a7000 	C:\Windows\System32\msvcrt.dll
0x00007ff9500d0000 - 0x00007ff950178000 	C:\Windows\System32\sechost.dll
0x00007ff94dc90000 - 0x00007ff94dcb8000 	C:\Windows\System32\bcrypt.dll
0x00007ff94fbc0000 - 0x00007ff94fcd4000 	C:\Windows\System32\RPCRT4.dll
0x00007ff94e8b0000 - 0x00007ff94ea5f000 	C:\Windows\System32\USER32.dll
0x00007ff94dcc0000 - 0x00007ff94dce6000 	C:\Windows\System32\win32u.dll
0x00007ff931340000 - 0x00007ff9315d3000 	C:\Windows\WinSxS\amd64_microsoft.windows.common-controls_6595b64144ccf1df_6.0.22621.3672_none_2713b9d173822955\COMCTL32.dll
0x00007ff9501b0000 - 0x00007ff9501d9000 	C:\Windows\System32\GDI32.dll
0x00007ff94e520000 - 0x00007ff94e638000 	C:\Windows\System32\gdi32full.dll
0x00007ff94e1f0000 - 0x00007ff94e28a000 	C:\Windows\System32\msvcp_win.dll
0x00007ff945870000 - 0x00007ff94587a000 	C:\Windows\SYSTEM32\VERSION.dll
0x00007ff94f680000 - 0x00007ff94f6b1000 	C:\Windows\System32\IMM32.DLL
0x00007ff947190000 - 0x00007ff94719c000 	C:\Program Files\Java\jdk-17\bin\vcruntime140_1.dll
0x00007ff934ab0000 - 0x00007ff934b3e000 	C:\Program Files\Java\jdk-17\bin\msvcp140.dll
0x00007ff8aec10000 - 0x00007ff8af7f0000 	C:\Program Files\Java\jdk-17\bin\server\jvm.dll
0x00007ff946450000 - 0x00007ff946484000 	C:\Windows\SYSTEM32\WINMM.dll
0x00007ff939d20000 - 0x00007ff939d29000 	C:\Windows\SYSTEM32\WSOCK32.dll
0x00007ff94f7c0000 - 0x00007ff94f7c8000 	C:\Windows\System32\PSAPI.DLL
0x00007ff94f600000 - 0x00007ff94f671000 	C:\Windows\System32\WS2_32.dll
0x00007ff94cc30000 - 0x00007ff94cc48000 	C:\Windows\SYSTEM32\kernel.appcore.dll
0x00007ff934aa0000 - 0x00007ff934aaa000 	C:\Program Files\Java\jdk-17\bin\jimage.dll
0x00007ff940760000 - 0x00007ff940992000 	C:\Windows\SYSTEM32\DBGHELP.DLL
0x00007ff94f830000 - 0x00007ff94fbbe000 	C:\Windows\System32\combase.dll
0x00007ff9507f0000 - 0x00007ff9508c7000 	C:\Windows\System32\OLEAUT32.dll
0x00007ff93f900000 - 0x00007ff93f932000 	C:\Windows\SYSTEM32\dbgcore.DLL
0x00007ff94e170000 - 0x00007ff94e1eb000 	C:\Windows\System32\bcryptPrimitives.dll
0x00007ff934a10000 - 0x00007ff934a35000 	C:\Program Files\Java\jdk-17\bin\java.dll

dbghelp: loaded successfully - version: 4.0.5 - missing functions: none
symbol engine: initialized successfully - sym options: 0x614 - pdb path: .;C:\Program Files\Java\jdk-17\bin;C:\Windows\SYSTEM32;C:\Windows\WinSxS\amd64_microsoft.windows.common-controls_6595b64144ccf1df_6.0.22621.3672_none_2713b9d173822955;C:\Program Files\Java\jdk-17\bin\server

VM Arguments:
jvm_args: -Xmx64m -Xms64m -Dorg.gradle.appname=gradlew 
java_command: org.gradle.wrapper.GradleWrapperMain app:installDebug -PreactNativeDevServerPort=8081
java_class_path (initial): C:\Users\LT053\Desktop\MyApp\MyApp\android\\gradle\wrapper\gradle-wrapper.jar
Launcher Type: SUN_STANDARD

[Global flags]
     intx CICompilerCount                          = 4                                         {product} {ergonomic}
     uint ConcGCThreads                            = 2                                         {product} {ergonomic}
     uint G1ConcRefinementThreads                  = 8                                         {product} {ergonomic}
   size_t G1HeapRegionSize                         = 1048576                                   {product} {ergonomic}
    uintx GCDrainStackTargetSize                   = 64                                        {product} {ergonomic}
   size_t InitialHeapSize                          = 67108864                                  {product} {command line}
   size_t MarkStackSize                            = 4194304                                   {product} {ergonomic}
   size_t MaxHeapSize                              = 67108864                                  {product} {command line}
   size_t MinHeapDeltaBytes                        = 1048576                                   {product} {ergonomic}
   size_t MinHeapSize                              = 67108864                                  {product} {command line}
    uintx NonNMethodCodeHeapSize                   = 5839372                                {pd product} {ergonomic}
    uintx NonProfiledCodeHeapSize                  = 122909434                              {pd product} {ergonomic}
    uintx ProfiledCodeHeapSize                     = 122909434                              {pd product} {ergonomic}
    uintx ReservedCodeCacheSize                    = 251658240                              {pd product} {ergonomic}
     bool SegmentedCodeCache                       = true                                      {product} {ergonomic}
   size_t SoftMaxHeapSize                          = 67108864                               {manageable} {ergonomic}
     bool UseCompressedClassPointers               = true                           {product lp64_product} {ergonomic}
     bool UseCompressedOops                        = true                           {product lp64_product} {ergonomic}
     bool UseG1GC                                  = true                                      {product} {ergonomic}
     bool UseLargePagesIndividualAllocation        = false                                  {pd product} {ergonomic}

Logging:
Log output configuration:
 #0: stdout all=warning uptime,level,tags
 #1: stderr all=off uptime,level,tags

Environment Variables:
JAVA_HOME=C:\Program Files\Java\jdk-17
CLASSPATH=C:\Users\LT053\Desktop\MyApp\MyApp\android\\gradle\wrapper\gradle-wrapper.jar
PATH=C:\Users\LT053\Desktop\MyApp\MyApp\node_modules\.bin;C:\Users\LT053\Desktop\MyApp\MyApp\node_modules\.bin;C:\Users\LT053\Desktop\MyApp\node_modules\.bin;C:\Users\LT053\Desktop\node_modules\.bin;C:\Users\LT053\node_modules\.bin;C:\Users\node_modules\.bin;C:\node_modules\.bin;C:\Users\LT053\AppData\Roaming\npm\node_modules\npm\node_modules\@npmcli\run-script\lib\node-gyp-bin;C:\Program Files\Java\jdk-17\bin;C:\Program Files\nodejs\;C:\Windows;C:\Windows\System32\Wbem;C:\Windows\System32\WindowsPowerShell\v1.0\;C:\Windows\System32\OpenSSH\;C:\Program Files\dotnet\;C:\ProgramData\chocolatey\bin;C:\Windows\System32;C:\Program Files\Java\jdk-23\bin;C:\Users\LT053\AppData\Local\Android\Sdk;C:\Users\LT053\AppData\Local\Android\Sdk\platform-tools;C:\Users\LT053\AppData\Local\Android\Sdk\emulator;C:\Users\LT053\AppData\Local\Android\Sdk\build-tools;C:\Users\LT053\AppData\Local\Microsoft\WindowsApps;C:\Users\LT053\AppData\Roaming\npm;C:\Users\LT053\AppData\Local\Programs\Git\cmd;C:\Users\LT053\AppData\Local\Android\Sdk\platform-tools;C:\Users\LT053\AppData\Local\Android\Sdk\platform-tools;C:\Users\LT053\AppData\Local\Programs\cursor\resources\app\bin
USERNAME=LT053
LANG=en_US.UTF-8
OS=Windows_NT
PROCESSOR_IDENTIFIER=Intel64 Family 6 Model 142 Stepping 12, GenuineIntel



---------------  S Y S T E M  ---------------

OS:
 Windows 11 , 64 bit Build 22621 (10.0.22621.3958)
OS uptime: 3 days 5:56 hours
Hyper-V role detected

CPU: total 8 (initial active 8) (4 cores per cpu, 2 threads per core) family 6 model 142 stepping 12 microcode 0xfe, cx8, cmov, fxsr, ht, mmx, 3dnowpref, sse, sse2, sse3, ssse3, sse4.1, sse4.2, popcnt, lzcnt, tsc, tscinvbit, avx, avx2, aes, erms, clmul, bmi1, bmi2, adx, fma, vzeroupper, clflush, clflushopt, hv

Memory: 4k page, system-wide physical 7952M (257M free)
TotalPageFile size 22974M (AvailPageFile size 54M)
current process WorkingSet (physical memory assigned to process): 11M, peak: 11M
current process commit charge ("private bytes"): 59M, peak: 123M

vm_info: Java HotSpot(TM) 64-Bit Server VM (17.0.12+8-LTS-286) for windows-amd64 JRE (17.0.12+8-LTS-286), built on Jun  5 2024 06:46:59 by "mach5one" with MS VC++ 17.6 (VS2022)

END.
